CRITICAL - 2022-03-10 00:51:49 --> Class 'EstudiantesModel' not found
#0 C:\laragon\www\crudTask\system\CodeIgniter.php(825): App\Controllers\Estudiantes->index()
#1 C:\laragon\www\crudTask\system\CodeIgniter.php(412): CodeIgniter\CodeIgniter->runController(Object(App\Controllers\Estudiantes))
#2 C:\laragon\www\crudTask\system\CodeIgniter.php(320): CodeIgniter\CodeIgniter->handleRequest(NULL, Object(Config\Cache), false)
#3 C:\laragon\www\crudTask\public\index.php(37): CodeIgniter\CodeIgniter->run()
#4 {main}
CRITICAL - 2022-03-10 00:51:50 --> Class 'EstudiantesModel' not found
#0 C:\laragon\www\crudTask\system\CodeIgniter.php(825): App\Controllers\Estudiantes->index()
#1 C:\laragon\www\crudTask\system\CodeIgniter.php(412): CodeIgniter\CodeIgniter->runController(Object(App\Controllers\Estudiantes))
#2 C:\laragon\www\crudTask\system\CodeIgniter.php(320): CodeIgniter\CodeIgniter->handleRequest(NULL, Object(Config\Cache), false)
#3 C:\laragon\www\crudTask\public\index.php(37): CodeIgniter\CodeIgniter->run()
#4 {main}
CRITICAL - 2022-03-10 00:51:51 --> Class 'EstudiantesModel' not found
#0 C:\laragon\www\crudTask\system\CodeIgniter.php(825): App\Controllers\Estudiantes->index()
#1 C:\laragon\www\crudTask\system\CodeIgniter.php(412): CodeIgniter\CodeIgniter->runController(Object(App\Controllers\Estudiantes))
#2 C:\laragon\www\crudTask\system\CodeIgniter.php(320): CodeIgniter\CodeIgniter->handleRequest(NULL, Object(Config\Cache), false)
#3 C:\laragon\www\crudTask\public\index.php(37): CodeIgniter\CodeIgniter->run()
#4 {main}
CRITICAL - 2022-03-10 00:51:54 --> Class 'EstudiantesModel' not found
#0 C:\laragon\www\crudTask\system\CodeIgniter.php(825): App\Controllers\Estudiantes->index()
#1 C:\laragon\www\crudTask\system\CodeIgniter.php(412): CodeIgniter\CodeIgniter->runController(Object(App\Controllers\Estudiantes))
#2 C:\laragon\www\crudTask\system\CodeIgniter.php(320): CodeIgniter\CodeIgniter->handleRequest(NULL, Object(Config\Cache), false)
#3 C:\laragon\www\crudTask\public\index.php(37): CodeIgniter\CodeIgniter->run()
#4 {main}
CRITICAL - 2022-03-10 00:52:45 --> Class 'EstudiantesModel' not found
#0 C:\laragon\www\crudTask\system\CodeIgniter.php(825): App\Controllers\Estudiantes->index()
#1 C:\laragon\www\crudTask\system\CodeIgniter.php(412): CodeIgniter\CodeIgniter->runController(Object(App\Controllers\Estudiantes))
#2 C:\laragon\www\crudTask\system\CodeIgniter.php(320): CodeIgniter\CodeIgniter->handleRequest(NULL, Object(Config\Cache), false)
#3 C:\laragon\www\crudTask\public\index.php(37): CodeIgniter\CodeIgniter->run()
#4 {main}
CRITICAL - 2022-03-10 00:52:46 --> Class 'EstudiantesModel' not found
#0 C:\laragon\www\crudTask\system\CodeIgniter.php(825): App\Controllers\Estudiantes->index()
#1 C:\laragon\www\crudTask\system\CodeIgniter.php(412): CodeIgniter\CodeIgniter->runController(Object(App\Controllers\Estudiantes))
#2 C:\laragon\www\crudTask\system\CodeIgniter.php(320): CodeIgniter\CodeIgniter->handleRequest(NULL, Object(Config\Cache), false)
#3 C:\laragon\www\crudTask\public\index.php(37): CodeIgniter\CodeIgniter->run()
#4 {main}
CRITICAL - 2022-03-10 00:52:47 --> Class 'EstudiantesModel' not found
#0 C:\laragon\www\crudTask\system\CodeIgniter.php(825): App\Controllers\Estudiantes->index()
#1 C:\laragon\www\crudTask\system\CodeIgniter.php(412): CodeIgniter\CodeIgniter->runController(Object(App\Controllers\Estudiantes))
#2 C:\laragon\www\crudTask\system\CodeIgniter.php(320): CodeIgniter\CodeIgniter->handleRequest(NULL, Object(Config\Cache), false)
#3 C:\laragon\www\crudTask\public\index.php(37): CodeIgniter\CodeIgniter->run()
#4 {main}
CRITICAL - 2022-03-10 00:52:47 --> Class 'EstudiantesModel' not found
#0 C:\laragon\www\crudTask\system\CodeIgniter.php(825): App\Controllers\Estudiantes->index()
#1 C:\laragon\www\crudTask\system\CodeIgniter.php(412): CodeIgniter\CodeIgniter->runController(Object(App\Controllers\Estudiantes))
#2 C:\laragon\www\crudTask\system\CodeIgniter.php(320): CodeIgniter\CodeIgniter->handleRequest(NULL, Object(Config\Cache), false)
#3 C:\laragon\www\crudTask\public\index.php(37): CodeIgniter\CodeIgniter->run()
#4 {main}
CRITICAL - 2022-03-10 00:52:48 --> Class 'EstudiantesModel' not found
#0 C:\laragon\www\crudTask\system\CodeIgniter.php(825): App\Controllers\Estudiantes->index()
#1 C:\laragon\www\crudTask\system\CodeIgniter.php(412): CodeIgniter\CodeIgniter->runController(Object(App\Controllers\Estudiantes))
#2 C:\laragon\www\crudTask\system\CodeIgniter.php(320): CodeIgniter\CodeIgniter->handleRequest(NULL, Object(Config\Cache), false)
#3 C:\laragon\www\crudTask\public\index.php(37): CodeIgniter\CodeIgniter->run()
#4 {main}
CRITICAL - 2022-03-10 00:52:48 --> Class 'EstudiantesModel' not found
#0 C:\laragon\www\crudTask\system\CodeIgniter.php(825): App\Controllers\Estudiantes->index()
#1 C:\laragon\www\crudTask\system\CodeIgniter.php(412): CodeIgniter\CodeIgniter->runController(Object(App\Controllers\Estudiantes))
#2 C:\laragon\www\crudTask\system\CodeIgniter.php(320): CodeIgniter\CodeIgniter->handleRequest(NULL, Object(Config\Cache), false)
#3 C:\laragon\www\crudTask\public\index.php(37): CodeIgniter\CodeIgniter->run()
#4 {main}
CRITICAL - 2022-03-10 00:52:53 --> Class 'EstudiantesModel' not found
#0 C:\laragon\www\crudTask\system\CodeIgniter.php(825): App\Controllers\Estudiantes->index()
#1 C:\laragon\www\crudTask\system\CodeIgniter.php(412): CodeIgniter\CodeIgniter->runController(Object(App\Controllers\Estudiantes))
#2 C:\laragon\www\crudTask\system\CodeIgniter.php(320): CodeIgniter\CodeIgniter->handleRequest(NULL, Object(Config\Cache), false)
#3 C:\laragon\www\crudTask\public\index.php(37): CodeIgniter\CodeIgniter->run()
#4 {main}
CRITICAL - 2022-03-10 00:54:21 --> Class 'EstudiantesModel' not found
#0 C:\laragon\www\crudTask\system\CodeIgniter.php(825): App\Controllers\Estudiantes->index()
#1 C:\laragon\www\crudTask\system\CodeIgniter.php(412): CodeIgniter\CodeIgniter->runController(Object(App\Controllers\Estudiantes))
#2 C:\laragon\www\crudTask\system\CodeIgniter.php(320): CodeIgniter\CodeIgniter->handleRequest(NULL, Object(Config\Cache), false)
#3 C:\laragon\www\crudTask\public\index.php(37): CodeIgniter\CodeIgniter->run()
#4 {main}
CRITICAL - 2022-03-10 00:54:55 --> Class 'EstudiantesModel' not found
#0 C:\laragon\www\crudTask\system\CodeIgniter.php(825): App\Controllers\Estudiantes->index()
#1 C:\laragon\www\crudTask\system\CodeIgniter.php(412): CodeIgniter\CodeIgniter->runController(Object(App\Controllers\Estudiantes))
#2 C:\laragon\www\crudTask\system\CodeIgniter.php(320): CodeIgniter\CodeIgniter->handleRequest(NULL, Object(Config\Cache), false)
#3 C:\laragon\www\crudTask\public\index.php(37): CodeIgniter\CodeIgniter->run()
#4 {main}
CRITICAL - 2022-03-10 00:56:28 --> Class 'EstudiantesModel' not found
#0 C:\laragon\www\crudTask\system\CodeIgniter.php(825): App\Controllers\Estudiantes->index()
#1 C:\laragon\www\crudTask\system\CodeIgniter.php(412): CodeIgniter\CodeIgniter->runController(Object(App\Controllers\Estudiantes))
#2 C:\laragon\www\crudTask\system\CodeIgniter.php(320): CodeIgniter\CodeIgniter->handleRequest(NULL, Object(Config\Cache), false)
#3 C:\laragon\www\crudTask\public\index.php(37): CodeIgniter\CodeIgniter->run()
#4 {main}
CRITICAL - 2022-03-10 00:56:30 --> Class 'EstudiantesModel' not found
#0 C:\laragon\www\crudTask\system\CodeIgniter.php(825): App\Controllers\Estudiantes->index()
#1 C:\laragon\www\crudTask\system\CodeIgniter.php(412): CodeIgniter\CodeIgniter->runController(Object(App\Controllers\Estudiantes))
#2 C:\laragon\www\crudTask\system\CodeIgniter.php(320): CodeIgniter\CodeIgniter->handleRequest(NULL, Object(Config\Cache), false)
#3 C:\laragon\www\crudTask\public\index.php(37): CodeIgniter\CodeIgniter->run()
#4 {main}
CRITICAL - 2022-03-10 00:57:00 --> Class 'EstudiantesModel' not found
#0 C:\laragon\www\crudTask\system\CodeIgniter.php(825): App\Controllers\Estudiantes->index()
#1 C:\laragon\www\crudTask\system\CodeIgniter.php(412): CodeIgniter\CodeIgniter->runController(Object(App\Controllers\Estudiantes))
#2 C:\laragon\www\crudTask\system\CodeIgniter.php(320): CodeIgniter\CodeIgniter->handleRequest(NULL, Object(Config\Cache), false)
#3 C:\laragon\www\crudTask\public\index.php(37): CodeIgniter\CodeIgniter->run()
#4 {main}
CRITICAL - 2022-03-10 00:57:03 --> Class 'EstudiantesModel' not found
#0 C:\laragon\www\crudTask\system\CodeIgniter.php(825): App\Controllers\Estudiantes->index()
#1 C:\laragon\www\crudTask\system\CodeIgniter.php(412): CodeIgniter\CodeIgniter->runController(Object(App\Controllers\Estudiantes))
#2 C:\laragon\www\crudTask\system\CodeIgniter.php(320): CodeIgniter\CodeIgniter->handleRequest(NULL, Object(Config\Cache), false)
#3 C:\laragon\www\crudTask\public\index.php(37): CodeIgniter\CodeIgniter->run()
#4 {main}
CRITICAL - 2022-03-10 01:02:16 --> Class 'EstudiantesModel' not found
#0 C:\laragon\www\crudTask\system\CodeIgniter.php(825): App\Controllers\Estudiantes->index()
#1 C:\laragon\www\crudTask\system\CodeIgniter.php(412): CodeIgniter\CodeIgniter->runController(Object(App\Controllers\Estudiantes))
#2 C:\laragon\www\crudTask\system\CodeIgniter.php(320): CodeIgniter\CodeIgniter->handleRequest(NULL, Object(Config\Cache), false)
#3 C:\laragon\www\crudTask\public\index.php(37): CodeIgniter\CodeIgniter->run()
#4 {main}
CRITICAL - 2022-03-10 01:02:25 --> Class 'EstudiantesModel' not found
#0 C:\laragon\www\crudTask\system\CodeIgniter.php(825): App\Controllers\Estudiantes->index()
#1 C:\laragon\www\crudTask\system\CodeIgniter.php(412): CodeIgniter\CodeIgniter->runController(Object(App\Controllers\Estudiantes))
#2 C:\laragon\www\crudTask\system\CodeIgniter.php(320): CodeIgniter\CodeIgniter->handleRequest(NULL, Object(Config\Cache), false)
#3 C:\laragon\www\crudTask\public\index.php(37): CodeIgniter\CodeIgniter->run()
#4 {main}
CRITICAL - 2022-03-10 01:05:13 --> Call to a member function orderBy() on null
#0 C:\laragon\www\crudTask\system\CodeIgniter.php(825): App\Controllers\Estudiantes->index()
#1 C:\laragon\www\crudTask\system\CodeIgniter.php(412): CodeIgniter\CodeIgniter->runController(Object(App\Controllers\Estudiantes))
#2 C:\laragon\www\crudTask\system\CodeIgniter.php(320): CodeIgniter\CodeIgniter->handleRequest(NULL, Object(Config\Cache), false)
#3 C:\laragon\www\crudTask\public\index.php(37): CodeIgniter\CodeIgniter->run()
#4 {main}
CRITICAL - 2022-03-10 01:05:16 --> Call to a member function orderBy() on null
#0 C:\laragon\www\crudTask\system\CodeIgniter.php(825): App\Controllers\Estudiantes->index()
#1 C:\laragon\www\crudTask\system\CodeIgniter.php(412): CodeIgniter\CodeIgniter->runController(Object(App\Controllers\Estudiantes))
#2 C:\laragon\www\crudTask\system\CodeIgniter.php(320): CodeIgniter\CodeIgniter->handleRequest(NULL, Object(Config\Cache), false)
#3 C:\laragon\www\crudTask\public\index.php(37): CodeIgniter\CodeIgniter->run()
#4 {main}
CRITICAL - 2022-03-10 01:05:21 --> Call to a member function orderBy() on null
#0 C:\laragon\www\crudTask\system\CodeIgniter.php(825): App\Controllers\Estudiantes->index()
#1 C:\laragon\www\crudTask\system\CodeIgniter.php(412): CodeIgniter\CodeIgniter->runController(Object(App\Controllers\Estudiantes))
#2 C:\laragon\www\crudTask\system\CodeIgniter.php(320): CodeIgniter\CodeIgniter->handleRequest(NULL, Object(Config\Cache), false)
#3 C:\laragon\www\crudTask\public\index.php(37): CodeIgniter\CodeIgniter->run()
#4 {main}
CRITICAL - 2022-03-10 01:15:06 --> syntax error, unexpected 'return' (T_RETURN)
#0 C:\laragon\www\crudTask\system\Autoloader\Autoloader.php(241): CodeIgniter\Autoloader\Autoloader->includeFile('C:\\laragon\\www\\...')
#1 C:\laragon\www\crudTask\system\Autoloader\Autoloader.php(219): CodeIgniter\Autoloader\Autoloader->loadInNamespace('App\\Controllers...')
#2 [internal function]: CodeIgniter\Autoloader\Autoloader->loadClass('App\\Controllers...')
#3 [internal function]: spl_autoload_call('App\\Controllers...')
#4 C:\laragon\www\crudTask\system\CodeIgniter.php(790): class_exists('\\App\\Controller...', true)
#5 C:\laragon\www\crudTask\system\CodeIgniter.php(399): CodeIgniter\CodeIgniter->startController()
#6 C:\laragon\www\crudTask\system\CodeIgniter.php(320): CodeIgniter\CodeIgniter->handleRequest(NULL, Object(Config\Cache), false)
#7 C:\laragon\www\crudTask\public\index.php(37): CodeIgniter\CodeIgniter->run()
#8 {main}
CRITICAL - 2022-03-10 01:15:09 --> syntax error, unexpected 'return' (T_RETURN)
#0 C:\laragon\www\crudTask\system\Autoloader\Autoloader.php(241): CodeIgniter\Autoloader\Autoloader->includeFile('C:\\laragon\\www\\...')
#1 C:\laragon\www\crudTask\system\Autoloader\Autoloader.php(219): CodeIgniter\Autoloader\Autoloader->loadInNamespace('App\\Controllers...')
#2 [internal function]: CodeIgniter\Autoloader\Autoloader->loadClass('App\\Controllers...')
#3 [internal function]: spl_autoload_call('App\\Controllers...')
#4 C:\laragon\www\crudTask\system\CodeIgniter.php(790): class_exists('\\App\\Controller...', true)
#5 C:\laragon\www\crudTask\system\CodeIgniter.php(399): CodeIgniter\CodeIgniter->startController()
#6 C:\laragon\www\crudTask\system\CodeIgniter.php(320): CodeIgniter\CodeIgniter->handleRequest(NULL, Object(Config\Cache), false)
#7 C:\laragon\www\crudTask\public\index.php(37): CodeIgniter\CodeIgniter->run()
#8 {main}
CRITICAL - 2022-03-10 01:16:13 --> syntax error, unexpected 'return' (T_RETURN)
#0 C:\laragon\www\crudTask\system\Autoloader\Autoloader.php(241): CodeIgniter\Autoloader\Autoloader->includeFile('C:\\laragon\\www\\...')
#1 C:\laragon\www\crudTask\system\Autoloader\Autoloader.php(219): CodeIgniter\Autoloader\Autoloader->loadInNamespace('App\\Controllers...')
#2 [internal function]: CodeIgniter\Autoloader\Autoloader->loadClass('App\\Controllers...')
#3 [internal function]: spl_autoload_call('App\\Controllers...')
#4 C:\laragon\www\crudTask\system\CodeIgniter.php(790): class_exists('\\App\\Controller...', true)
#5 C:\laragon\www\crudTask\system\CodeIgniter.php(399): CodeIgniter\CodeIgniter->startController()
#6 C:\laragon\www\crudTask\system\CodeIgniter.php(320): CodeIgniter\CodeIgniter->handleRequest(NULL, Object(Config\Cache), false)
#7 C:\laragon\www\crudTask\public\index.php(37): CodeIgniter\CodeIgniter->run()
#8 {main}
CRITICAL - 2022-03-10 01:16:15 --> syntax error, unexpected 'return' (T_RETURN)
#0 C:\laragon\www\crudTask\system\Autoloader\Autoloader.php(241): CodeIgniter\Autoloader\Autoloader->includeFile('C:\\laragon\\www\\...')
#1 C:\laragon\www\crudTask\system\Autoloader\Autoloader.php(219): CodeIgniter\Autoloader\Autoloader->loadInNamespace('App\\Controllers...')
#2 [internal function]: CodeIgniter\Autoloader\Autoloader->loadClass('App\\Controllers...')
#3 [internal function]: spl_autoload_call('App\\Controllers...')
#4 C:\laragon\www\crudTask\system\CodeIgniter.php(790): class_exists('\\App\\Controller...', true)
#5 C:\laragon\www\crudTask\system\CodeIgniter.php(399): CodeIgniter\CodeIgniter->startController()
#6 C:\laragon\www\crudTask\system\CodeIgniter.php(320): CodeIgniter\CodeIgniter->handleRequest(NULL, Object(Config\Cache), false)
#7 C:\laragon\www\crudTask\public\index.php(37): CodeIgniter\CodeIgniter->run()
#8 {main}
CRITICAL - 2022-03-10 01:18:29 --> Call to a member function getEstudents() on null
#0 C:\laragon\www\crudTask\system\CodeIgniter.php(825): App\Controllers\Estudiantes->index()
#1 C:\laragon\www\crudTask\system\CodeIgniter.php(412): CodeIgniter\CodeIgniter->runController(Object(App\Controllers\Estudiantes))
#2 C:\laragon\www\crudTask\system\CodeIgniter.php(320): CodeIgniter\CodeIgniter->handleRequest(NULL, Object(Config\Cache), false)
#3 C:\laragon\www\crudTask\public\index.php(37): CodeIgniter\CodeIgniter->run()
#4 {main}
CRITICAL - 2022-03-10 01:18:31 --> Call to a member function getEstudents() on null
#0 C:\laragon\www\crudTask\system\CodeIgniter.php(825): App\Controllers\Estudiantes->index()
#1 C:\laragon\www\crudTask\system\CodeIgniter.php(412): CodeIgniter\CodeIgniter->runController(Object(App\Controllers\Estudiantes))
#2 C:\laragon\www\crudTask\system\CodeIgniter.php(320): CodeIgniter\CodeIgniter->handleRequest(NULL, Object(Config\Cache), false)
#3 C:\laragon\www\crudTask\public\index.php(37): CodeIgniter\CodeIgniter->run()
#4 {main}
CRITICAL - 2022-03-10 01:19:19 --> Call to a member function getEstudents() on null
#0 C:\laragon\www\crudTask\system\CodeIgniter.php(825): App\Controllers\Estudiantes->index()
#1 C:\laragon\www\crudTask\system\CodeIgniter.php(412): CodeIgniter\CodeIgniter->runController(Object(App\Controllers\Estudiantes))
#2 C:\laragon\www\crudTask\system\CodeIgniter.php(320): CodeIgniter\CodeIgniter->handleRequest(NULL, Object(Config\Cache), false)
#3 C:\laragon\www\crudTask\public\index.php(37): CodeIgniter\CodeIgniter->run()
#4 {main}
CRITICAL - 2022-03-10 01:19:22 --> Call to a member function getEstudents() on null
#0 C:\laragon\www\crudTask\system\CodeIgniter.php(825): App\Controllers\Estudiantes->index()
#1 C:\laragon\www\crudTask\system\CodeIgniter.php(412): CodeIgniter\CodeIgniter->runController(Object(App\Controllers\Estudiantes))
#2 C:\laragon\www\crudTask\system\CodeIgniter.php(320): CodeIgniter\CodeIgniter->handleRequest(NULL, Object(Config\Cache), false)
#3 C:\laragon\www\crudTask\public\index.php(37): CodeIgniter\CodeIgniter->run()
#4 {main}
CRITICAL - 2022-03-10 01:19:22 --> Call to a member function getEstudents() on null
#0 C:\laragon\www\crudTask\system\CodeIgniter.php(825): App\Controllers\Estudiantes->index()
#1 C:\laragon\www\crudTask\system\CodeIgniter.php(412): CodeIgniter\CodeIgniter->runController(Object(App\Controllers\Estudiantes))
#2 C:\laragon\www\crudTask\system\CodeIgniter.php(320): CodeIgniter\CodeIgniter->handleRequest(NULL, Object(Config\Cache), false)
#3 C:\laragon\www\crudTask\public\index.php(37): CodeIgniter\CodeIgniter->run()
#4 {main}
CRITICAL - 2022-03-10 01:19:22 --> Call to a member function getEstudents() on null
#0 C:\laragon\www\crudTask\system\CodeIgniter.php(825): App\Controllers\Estudiantes->index()
#1 C:\laragon\www\crudTask\system\CodeIgniter.php(412): CodeIgniter\CodeIgniter->runController(Object(App\Controllers\Estudiantes))
#2 C:\laragon\www\crudTask\system\CodeIgniter.php(320): CodeIgniter\CodeIgniter->handleRequest(NULL, Object(Config\Cache), false)
#3 C:\laragon\www\crudTask\public\index.php(37): CodeIgniter\CodeIgniter->run()
#4 {main}
CRITICAL - 2022-03-10 01:19:22 --> Call to a member function getEstudents() on null
#0 C:\laragon\www\crudTask\system\CodeIgniter.php(825): App\Controllers\Estudiantes->index()
#1 C:\laragon\www\crudTask\system\CodeIgniter.php(412): CodeIgniter\CodeIgniter->runController(Object(App\Controllers\Estudiantes))
#2 C:\laragon\www\crudTask\system\CodeIgniter.php(320): CodeIgniter\CodeIgniter->handleRequest(NULL, Object(Config\Cache), false)
#3 C:\laragon\www\crudTask\public\index.php(37): CodeIgniter\CodeIgniter->run()
#4 {main}
CRITICAL - 2022-03-10 01:19:23 --> Call to a member function getEstudents() on null
#0 C:\laragon\www\crudTask\system\CodeIgniter.php(825): App\Controllers\Estudiantes->index()
#1 C:\laragon\www\crudTask\system\CodeIgniter.php(412): CodeIgniter\CodeIgniter->runController(Object(App\Controllers\Estudiantes))
#2 C:\laragon\www\crudTask\system\CodeIgniter.php(320): CodeIgniter\CodeIgniter->handleRequest(NULL, Object(Config\Cache), false)
#3 C:\laragon\www\crudTask\public\index.php(37): CodeIgniter\CodeIgniter->run()
#4 {main}
CRITICAL - 2022-03-10 01:19:23 --> Call to a member function getEstudents() on null
#0 C:\laragon\www\crudTask\system\CodeIgniter.php(825): App\Controllers\Estudiantes->index()
#1 C:\laragon\www\crudTask\system\CodeIgniter.php(412): CodeIgniter\CodeIgniter->runController(Object(App\Controllers\Estudiantes))
#2 C:\laragon\www\crudTask\system\CodeIgniter.php(320): CodeIgniter\CodeIgniter->handleRequest(NULL, Object(Config\Cache), false)
#3 C:\laragon\www\crudTask\public\index.php(37): CodeIgniter\CodeIgniter->run()
#4 {main}
CRITICAL - 2022-03-10 01:19:23 --> Call to a member function getEstudents() on null
#0 C:\laragon\www\crudTask\system\CodeIgniter.php(825): App\Controllers\Estudiantes->index()
#1 C:\laragon\www\crudTask\system\CodeIgniter.php(412): CodeIgniter\CodeIgniter->runController(Object(App\Controllers\Estudiantes))
#2 C:\laragon\www\crudTask\system\CodeIgniter.php(320): CodeIgniter\CodeIgniter->handleRequest(NULL, Object(Config\Cache), false)
#3 C:\laragon\www\crudTask\public\index.php(37): CodeIgniter\CodeIgniter->run()
#4 {main}
CRITICAL - 2022-03-10 01:19:23 --> Call to a member function getEstudents() on null
#0 C:\laragon\www\crudTask\system\CodeIgniter.php(825): App\Controllers\Estudiantes->index()
#1 C:\laragon\www\crudTask\system\CodeIgniter.php(412): CodeIgniter\CodeIgniter->runController(Object(App\Controllers\Estudiantes))
#2 C:\laragon\www\crudTask\system\CodeIgniter.php(320): CodeIgniter\CodeIgniter->handleRequest(NULL, Object(Config\Cache), false)
#3 C:\laragon\www\crudTask\public\index.php(37): CodeIgniter\CodeIgniter->run()
#4 {main}
CRITICAL - 2022-03-10 01:19:23 --> Call to a member function getEstudents() on null
#0 C:\laragon\www\crudTask\system\CodeIgniter.php(825): App\Controllers\Estudiantes->index()
#1 C:\laragon\www\crudTask\system\CodeIgniter.php(412): CodeIgniter\CodeIgniter->runController(Object(App\Controllers\Estudiantes))
#2 C:\laragon\www\crudTask\system\CodeIgniter.php(320): CodeIgniter\CodeIgniter->handleRequest(NULL, Object(Config\Cache), false)
#3 C:\laragon\www\crudTask\public\index.php(37): CodeIgniter\CodeIgniter->run()
#4 {main}
CRITICAL - 2022-03-10 01:19:31 --> Call to a member function getEstudents() on null
#0 C:\laragon\www\crudTask\system\CodeIgniter.php(825): App\Controllers\Estudiantes->index()
#1 C:\laragon\www\crudTask\system\CodeIgniter.php(412): CodeIgniter\CodeIgniter->runController(Object(App\Controllers\Estudiantes))
#2 C:\laragon\www\crudTask\system\CodeIgniter.php(320): CodeIgniter\CodeIgniter->handleRequest(NULL, Object(Config\Cache), false)
#3 C:\laragon\www\crudTask\public\index.php(37): CodeIgniter\CodeIgniter->run()
#4 {main}
CRITICAL - 2022-03-10 01:20:56 --> Call to a member function getEstudents() on null
#0 C:\laragon\www\crudTask\system\CodeIgniter.php(825): App\Controllers\Estudiantes->index()
#1 C:\laragon\www\crudTask\system\CodeIgniter.php(412): CodeIgniter\CodeIgniter->runController(Object(App\Controllers\Estudiantes))
#2 C:\laragon\www\crudTask\system\CodeIgniter.php(320): CodeIgniter\CodeIgniter->handleRequest(NULL, Object(Config\Cache), false)
#3 C:\laragon\www\crudTask\public\index.php(37): CodeIgniter\CodeIgniter->run()
#4 {main}
CRITICAL - 2022-03-10 01:20:58 --> Call to a member function getEstudents() on null
#0 C:\laragon\www\crudTask\system\CodeIgniter.php(825): App\Controllers\Estudiantes->index()
#1 C:\laragon\www\crudTask\system\CodeIgniter.php(412): CodeIgniter\CodeIgniter->runController(Object(App\Controllers\Estudiantes))
#2 C:\laragon\www\crudTask\system\CodeIgniter.php(320): CodeIgniter\CodeIgniter->handleRequest(NULL, Object(Config\Cache), false)
#3 C:\laragon\www\crudTask\public\index.php(37): CodeIgniter\CodeIgniter->run()
#4 {main}
CRITICAL - 2022-03-10 01:20:58 --> Call to a member function getEstudents() on null
#0 C:\laragon\www\crudTask\system\CodeIgniter.php(825): App\Controllers\Estudiantes->index()
#1 C:\laragon\www\crudTask\system\CodeIgniter.php(412): CodeIgniter\CodeIgniter->runController(Object(App\Controllers\Estudiantes))
#2 C:\laragon\www\crudTask\system\CodeIgniter.php(320): CodeIgniter\CodeIgniter->handleRequest(NULL, Object(Config\Cache), false)
#3 C:\laragon\www\crudTask\public\index.php(37): CodeIgniter\CodeIgniter->run()
#4 {main}
CRITICAL - 2022-03-10 01:20:58 --> Call to a member function getEstudents() on null
#0 C:\laragon\www\crudTask\system\CodeIgniter.php(825): App\Controllers\Estudiantes->index()
#1 C:\laragon\www\crudTask\system\CodeIgniter.php(412): CodeIgniter\CodeIgniter->runController(Object(App\Controllers\Estudiantes))
#2 C:\laragon\www\crudTask\system\CodeIgniter.php(320): CodeIgniter\CodeIgniter->handleRequest(NULL, Object(Config\Cache), false)
#3 C:\laragon\www\crudTask\public\index.php(37): CodeIgniter\CodeIgniter->run()
#4 {main}
CRITICAL - 2022-03-10 01:20:59 --> Call to a member function getEstudents() on null
#0 C:\laragon\www\crudTask\system\CodeIgniter.php(825): App\Controllers\Estudiantes->index()
#1 C:\laragon\www\crudTask\system\CodeIgniter.php(412): CodeIgniter\CodeIgniter->runController(Object(App\Controllers\Estudiantes))
#2 C:\laragon\www\crudTask\system\CodeIgniter.php(320): CodeIgniter\CodeIgniter->handleRequest(NULL, Object(Config\Cache), false)
#3 C:\laragon\www\crudTask\public\index.php(37): CodeIgniter\CodeIgniter->run()
#4 {main}
CRITICAL - 2022-03-10 01:20:59 --> Call to a member function getEstudents() on null
#0 C:\laragon\www\crudTask\system\CodeIgniter.php(825): App\Controllers\Estudiantes->index()
#1 C:\laragon\www\crudTask\system\CodeIgniter.php(412): CodeIgniter\CodeIgniter->runController(Object(App\Controllers\Estudiantes))
#2 C:\laragon\www\crudTask\system\CodeIgniter.php(320): CodeIgniter\CodeIgniter->handleRequest(NULL, Object(Config\Cache), false)
#3 C:\laragon\www\crudTask\public\index.php(37): CodeIgniter\CodeIgniter->run()
#4 {main}
CRITICAL - 2022-03-10 01:21:07 --> Call to a member function getEstudents() on null
#0 C:\laragon\www\crudTask\system\CodeIgniter.php(825): App\Controllers\Estudiantes->index()
#1 C:\laragon\www\crudTask\system\CodeIgniter.php(412): CodeIgniter\CodeIgniter->runController(Object(App\Controllers\Estudiantes))
#2 C:\laragon\www\crudTask\system\CodeIgniter.php(320): CodeIgniter\CodeIgniter->handleRequest(NULL, Object(Config\Cache), false)
#3 C:\laragon\www\crudTask\public\index.php(37): CodeIgniter\CodeIgniter->run()
#4 {main}
CRITICAL - 2022-03-10 01:21:07 --> Call to a member function getEstudents() on null
#0 C:\laragon\www\crudTask\system\CodeIgniter.php(825): App\Controllers\Estudiantes->index()
#1 C:\laragon\www\crudTask\system\CodeIgniter.php(412): CodeIgniter\CodeIgniter->runController(Object(App\Controllers\Estudiantes))
#2 C:\laragon\www\crudTask\system\CodeIgniter.php(320): CodeIgniter\CodeIgniter->handleRequest(NULL, Object(Config\Cache), false)
#3 C:\laragon\www\crudTask\public\index.php(37): CodeIgniter\CodeIgniter->run()
#4 {main}
CRITICAL - 2022-03-10 01:21:07 --> Call to a member function getEstudents() on null
#0 C:\laragon\www\crudTask\system\CodeIgniter.php(825): App\Controllers\Estudiantes->index()
#1 C:\laragon\www\crudTask\system\CodeIgniter.php(412): CodeIgniter\CodeIgniter->runController(Object(App\Controllers\Estudiantes))
#2 C:\laragon\www\crudTask\system\CodeIgniter.php(320): CodeIgniter\CodeIgniter->handleRequest(NULL, Object(Config\Cache), false)
#3 C:\laragon\www\crudTask\public\index.php(37): CodeIgniter\CodeIgniter->run()
#4 {main}
CRITICAL - 2022-03-10 01:21:07 --> Call to a member function getEstudents() on null
#0 C:\laragon\www\crudTask\system\CodeIgniter.php(825): App\Controllers\Estudiantes->index()
#1 C:\laragon\www\crudTask\system\CodeIgniter.php(412): CodeIgniter\CodeIgniter->runController(Object(App\Controllers\Estudiantes))
#2 C:\laragon\www\crudTask\system\CodeIgniter.php(320): CodeIgniter\CodeIgniter->handleRequest(NULL, Object(Config\Cache), false)
#3 C:\laragon\www\crudTask\public\index.php(37): CodeIgniter\CodeIgniter->run()
#4 {main}
ERROR - 2022-03-10 02:37:28 --> Error connecting to the database: Access denied for user '****'@'localhost' (using password: NO)
CRITICAL - 2022-03-10 02:37:28 --> Unable to connect to the database.
Main connection [MySQLi]: Access denied for user '****'@'localhost' (using password: NO)
#0 C:\laragon\www\crudTask\system\Database\BaseConnection.php(577): CodeIgniter\Database\BaseConnection->initialize()
#1 C:\laragon\www\crudTask\system\Database\BaseBuilder.php(1455): CodeIgniter\Database\BaseConnection->query('SELECT *\nFROM `...', Array, false)
#2 C:\laragon\www\crudTask\system\Model.php(183): CodeIgniter\Database\BaseBuilder->get()
#3 C:\laragon\www\crudTask\system\BaseModel.php(584): CodeIgniter\Model->doFindAll(0, 0)
#4 C:\laragon\www\crudTask\app\Models\EstudiantesModel.php(12): CodeIgniter\BaseModel->findAll()
#5 C:\laragon\www\crudTask\app\Controllers\Estudiantes.php(12): App\Models\EstudiantesModel->getEstudents()
#6 C:\laragon\www\crudTask\system\CodeIgniter.php(825): App\Controllers\Estudiantes->index()
#7 C:\laragon\www\crudTask\system\CodeIgniter.php(412): CodeIgniter\CodeIgniter->runController(Object(App\Controllers\Estudiantes))
#8 C:\laragon\www\crudTask\system\CodeIgniter.php(320): CodeIgniter\CodeIgniter->handleRequest(NULL, Object(Config\Cache), false)
#9 C:\laragon\www\crudTask\public\index.php(37): CodeIgniter\CodeIgniter->run()
#10 {main}
ERROR - 2022-03-10 02:37:30 --> Error connecting to the database: Access denied for user '****'@'localhost' (using password: NO)
CRITICAL - 2022-03-10 02:37:30 --> Unable to connect to the database.
Main connection [MySQLi]: Access denied for user '****'@'localhost' (using password: NO)
#0 C:\laragon\www\crudTask\system\Database\BaseConnection.php(577): CodeIgniter\Database\BaseConnection->initialize()
#1 C:\laragon\www\crudTask\system\Database\BaseBuilder.php(1455): CodeIgniter\Database\BaseConnection->query('SELECT *\nFROM `...', Array, false)
#2 C:\laragon\www\crudTask\system\Model.php(183): CodeIgniter\Database\BaseBuilder->get()
#3 C:\laragon\www\crudTask\system\BaseModel.php(584): CodeIgniter\Model->doFindAll(0, 0)
#4 C:\laragon\www\crudTask\app\Models\EstudiantesModel.php(12): CodeIgniter\BaseModel->findAll()
#5 C:\laragon\www\crudTask\app\Controllers\Estudiantes.php(12): App\Models\EstudiantesModel->getEstudents()
#6 C:\laragon\www\crudTask\system\CodeIgniter.php(825): App\Controllers\Estudiantes->index()
#7 C:\laragon\www\crudTask\system\CodeIgniter.php(412): CodeIgniter\CodeIgniter->runController(Object(App\Controllers\Estudiantes))
#8 C:\laragon\www\crudTask\system\CodeIgniter.php(320): CodeIgniter\CodeIgniter->handleRequest(NULL, Object(Config\Cache), false)
#9 C:\laragon\www\crudTask\public\index.php(37): CodeIgniter\CodeIgniter->run()
#10 {main}
ERROR - 2022-03-10 02:38:27 --> Error connecting to the database: Access denied for user '****'@'localhost' (using password: NO)
CRITICAL - 2022-03-10 02:38:28 --> Unable to connect to the database.
Main connection [MySQLi]: Access denied for user '****'@'localhost' (using password: NO)
#0 C:\laragon\www\crudTask\system\Database\BaseConnection.php(577): CodeIgniter\Database\BaseConnection->initialize()
#1 C:\laragon\www\crudTask\system\Database\BaseBuilder.php(1455): CodeIgniter\Database\BaseConnection->query('SELECT *\nFROM `...', Array, false)
#2 C:\laragon\www\crudTask\system\Model.php(183): CodeIgniter\Database\BaseBuilder->get()
#3 C:\laragon\www\crudTask\system\BaseModel.php(584): CodeIgniter\Model->doFindAll(0, 0)
#4 C:\laragon\www\crudTask\app\Models\EstudiantesModel.php(12): CodeIgniter\BaseModel->findAll()
#5 C:\laragon\www\crudTask\app\Controllers\Estudiantes.php(12): App\Models\EstudiantesModel->getEstudents()
#6 C:\laragon\www\crudTask\system\CodeIgniter.php(825): App\Controllers\Estudiantes->index()
#7 C:\laragon\www\crudTask\system\CodeIgniter.php(412): CodeIgniter\CodeIgniter->runController(Object(App\Controllers\Estudiantes))
#8 C:\laragon\www\crudTask\system\CodeIgniter.php(320): CodeIgniter\CodeIgniter->handleRequest(NULL, Object(Config\Cache), false)
#9 C:\laragon\www\crudTask\public\index.php(37): CodeIgniter\CodeIgniter->run()
#10 {main}
ERROR - 2022-03-10 02:57:04 --> Error connecting to the database: Access denied for user '****'@'localhost' (using password: NO)
CRITICAL - 2022-03-10 02:57:04 --> Unable to connect to the database.
Main connection [MySQLi]: Access denied for user '****'@'localhost' (using password: NO)
#0 C:\laragon\www\crudTask\system\Database\BaseConnection.php(577): CodeIgniter\Database\BaseConnection->initialize()
#1 C:\laragon\www\crudTask\system\Database\BaseBuilder.php(1455): CodeIgniter\Database\BaseConnection->query('SELECT *\nFROM `...', Array, false)
#2 C:\laragon\www\crudTask\system\Model.php(183): CodeIgniter\Database\BaseBuilder->get()
#3 C:\laragon\www\crudTask\system\BaseModel.php(584): CodeIgniter\Model->doFindAll(0, 0)
#4 C:\laragon\www\crudTask\app\Models\EstudiantesModel.php(14): CodeIgniter\BaseModel->findAll()
#5 C:\laragon\www\crudTask\app\Controllers\Estudiantes.php(12): App\Models\EstudiantesModel->getEstudents()
#6 C:\laragon\www\crudTask\system\CodeIgniter.php(825): App\Controllers\Estudiantes->index()
#7 C:\laragon\www\crudTask\system\CodeIgniter.php(412): CodeIgniter\CodeIgniter->runController(Object(App\Controllers\Estudiantes))
#8 C:\laragon\www\crudTask\system\CodeIgniter.php(320): CodeIgniter\CodeIgniter->handleRequest(NULL, Object(Config\Cache), false)
#9 C:\laragon\www\crudTask\public\index.php(37): CodeIgniter\CodeIgniter->run()
#10 {main}
ERROR - 2022-03-10 02:57:06 --> Error connecting to the database: Access denied for user '****'@'localhost' (using password: NO)
CRITICAL - 2022-03-10 02:57:07 --> Unable to connect to the database.
Main connection [MySQLi]: Access denied for user '****'@'localhost' (using password: NO)
#0 C:\laragon\www\crudTask\system\Database\BaseConnection.php(577): CodeIgniter\Database\BaseConnection->initialize()
#1 C:\laragon\www\crudTask\system\Database\BaseBuilder.php(1455): CodeIgniter\Database\BaseConnection->query('SELECT *\nFROM `...', Array, false)
#2 C:\laragon\www\crudTask\system\Model.php(183): CodeIgniter\Database\BaseBuilder->get()
#3 C:\laragon\www\crudTask\system\BaseModel.php(584): CodeIgniter\Model->doFindAll(0, 0)
#4 C:\laragon\www\crudTask\app\Models\EstudiantesModel.php(14): CodeIgniter\BaseModel->findAll()
#5 C:\laragon\www\crudTask\app\Controllers\Estudiantes.php(12): App\Models\EstudiantesModel->getEstudents()
#6 C:\laragon\www\crudTask\system\CodeIgniter.php(825): App\Controllers\Estudiantes->index()
#7 C:\laragon\www\crudTask\system\CodeIgniter.php(412): CodeIgniter\CodeIgniter->runController(Object(App\Controllers\Estudiantes))
#8 C:\laragon\www\crudTask\system\CodeIgniter.php(320): CodeIgniter\CodeIgniter->handleRequest(NULL, Object(Config\Cache), false)
#9 C:\laragon\www\crudTask\public\index.php(37): CodeIgniter\CodeIgniter->run()
#10 {main}
ERROR - 2022-03-10 02:59:04 --> Error connecting to the database: Access denied for user '****'@'localhost' (using password: NO)
CRITICAL - 2022-03-10 02:59:05 --> Unable to connect to the database.
Main connection [MySQLi]: Access denied for user '****'@'localhost' (using password: NO)
#0 C:\laragon\www\crudTask\system\Database\BaseConnection.php(577): CodeIgniter\Database\BaseConnection->initialize()
#1 C:\laragon\www\crudTask\system\Database\BaseBuilder.php(1455): CodeIgniter\Database\BaseConnection->query('SELECT *\nFROM `...', Array, false)
#2 C:\laragon\www\crudTask\system\Model.php(183): CodeIgniter\Database\BaseBuilder->get()
#3 C:\laragon\www\crudTask\system\BaseModel.php(584): CodeIgniter\Model->doFindAll(0, 0)
#4 C:\laragon\www\crudTask\app\Models\EstudiantesModel.php(14): CodeIgniter\BaseModel->findAll()
#5 C:\laragon\www\crudTask\app\Controllers\Estudiantes.php(12): App\Models\EstudiantesModel->getEstudents()
#6 C:\laragon\www\crudTask\system\CodeIgniter.php(825): App\Controllers\Estudiantes->index()
#7 C:\laragon\www\crudTask\system\CodeIgniter.php(412): CodeIgniter\CodeIgniter->runController(Object(App\Controllers\Estudiantes))
#8 C:\laragon\www\crudTask\system\CodeIgniter.php(320): CodeIgniter\CodeIgniter->handleRequest(NULL, Object(Config\Cache), false)
#9 C:\laragon\www\crudTask\public\index.php(37): CodeIgniter\CodeIgniter->run()
#10 {main}
ERROR - 2022-03-10 03:01:34 --> Error connecting to the database: Access denied for user '****'@'localhost' (using password: NO)
CRITICAL - 2022-03-10 03:01:34 --> Unable to connect to the database.
Main connection [MySQLi]: Access denied for user '****'@'localhost' (using password: NO)
#0 C:\laragon\www\crudTask\system\Database\BaseConnection.php(577): CodeIgniter\Database\BaseConnection->initialize()
#1 C:\laragon\www\crudTask\system\Database\BaseBuilder.php(1455): CodeIgniter\Database\BaseConnection->query('SELECT *\nFROM `...', Array, false)
#2 C:\laragon\www\crudTask\system\Model.php(183): CodeIgniter\Database\BaseBuilder->get()
#3 C:\laragon\www\crudTask\system\BaseModel.php(584): CodeIgniter\Model->doFindAll(0, 0)
#4 C:\laragon\www\crudTask\app\Models\EstudiantesModel.php(14): CodeIgniter\BaseModel->findAll()
#5 C:\laragon\www\crudTask\app\Controllers\Estudiantes.php(12): App\Models\EstudiantesModel->getEstudents()
#6 C:\laragon\www\crudTask\system\CodeIgniter.php(825): App\Controllers\Estudiantes->index()
#7 C:\laragon\www\crudTask\system\CodeIgniter.php(412): CodeIgniter\CodeIgniter->runController(Object(App\Controllers\Estudiantes))
#8 C:\laragon\www\crudTask\system\CodeIgniter.php(320): CodeIgniter\CodeIgniter->handleRequest(NULL, Object(Config\Cache), false)
#9 C:\laragon\www\crudTask\public\index.php(37): CodeIgniter\CodeIgniter->run()
#10 {main}
CRITICAL - 2022-03-10 03:04:44 --> Undefined variable: users
#0 C:\laragon\www\crudTask\app\Views\Estudiantes.php(28): CodeIgniter\Debug\Exceptions->errorHandler(8, 'Undefined varia...', 'C:\\laragon\\www\\...', 28, Array)
#1 C:\laragon\www\crudTask\system\View\View.php(210): include('C:\\laragon\\www\\...')
#2 C:\laragon\www\crudTask\system\View\View.php(213): CodeIgniter\View\View->CodeIgniter\View\{closure}()
#3 C:\laragon\www\crudTask\system\Common.php(1089): CodeIgniter\View\View->render('Estudiantes', Array, true)
#4 C:\laragon\www\crudTask\app\Controllers\Estudiantes.php(13): view('Estudiantes')
#5 C:\laragon\www\crudTask\system\CodeIgniter.php(825): App\Controllers\Estudiantes->index()
#6 C:\laragon\www\crudTask\system\CodeIgniter.php(412): CodeIgniter\CodeIgniter->runController(Object(App\Controllers\Estudiantes))
#7 C:\laragon\www\crudTask\system\CodeIgniter.php(320): CodeIgniter\CodeIgniter->handleRequest(NULL, Object(Config\Cache), false)
#8 C:\laragon\www\crudTask\public\index.php(37): CodeIgniter\CodeIgniter->run()
#9 {main}
CRITICAL - 2022-03-10 03:08:33 --> Cannot use object of type App\Entities\Estudiantes as array
#0 C:\laragon\www\crudTask\system\View\View.php(210): include()
#1 C:\laragon\www\crudTask\system\View\View.php(213): CodeIgniter\View\View->CodeIgniter\View\{closure}()
#2 C:\laragon\www\crudTask\system\Common.php(1089): CodeIgniter\View\View->render('Estudiantes', Array, true)
#3 C:\laragon\www\crudTask\app\Controllers\Estudiantes.php(13): view('Estudiantes', Array)
#4 C:\laragon\www\crudTask\system\CodeIgniter.php(825): App\Controllers\Estudiantes->index()
#5 C:\laragon\www\crudTask\system\CodeIgniter.php(412): CodeIgniter\CodeIgniter->runController(Object(App\Controllers\Estudiantes))
#6 C:\laragon\www\crudTask\system\CodeIgniter.php(320): CodeIgniter\CodeIgniter->handleRequest(NULL, Object(Config\Cache), false)
#7 C:\laragon\www\crudTask\public\index.php(37): CodeIgniter\CodeIgniter->run()
#8 {main}
CRITICAL - 2022-03-10 03:13:02 --> Cannot use object of type App\Entities\Estudiantes as array
#0 C:\laragon\www\crudTask\system\View\View.php(210): include()
#1 C:\laragon\www\crudTask\system\View\View.php(213): CodeIgniter\View\View->CodeIgniter\View\{closure}()
#2 C:\laragon\www\crudTask\system\Common.php(1089): CodeIgniter\View\View->render('Estudiantes', Array, true)
#3 C:\laragon\www\crudTask\app\Controllers\Estudiantes.php(13): view('Estudiantes', Array)
#4 C:\laragon\www\crudTask\system\CodeIgniter.php(825): App\Controllers\Estudiantes->index()
#5 C:\laragon\www\crudTask\system\CodeIgniter.php(412): CodeIgniter\CodeIgniter->runController(Object(App\Controllers\Estudiantes))
#6 C:\laragon\www\crudTask\system\CodeIgniter.php(320): CodeIgniter\CodeIgniter->handleRequest(NULL, Object(Config\Cache), false)
#7 C:\laragon\www\crudTask\public\index.php(37): CodeIgniter\CodeIgniter->run()
#8 {main}
CRITICAL - 2022-03-10 03:14:38 --> Cannot use object of type App\Entities\Estudiantes as array
#0 C:\laragon\www\crudTask\system\View\View.php(210): include()
#1 C:\laragon\www\crudTask\system\View\View.php(213): CodeIgniter\View\View->CodeIgniter\View\{closure}()
#2 C:\laragon\www\crudTask\system\Common.php(1089): CodeIgniter\View\View->render('Estudiantes', Array, true)
#3 C:\laragon\www\crudTask\app\Controllers\Estudiantes.php(13): view('Estudiantes', Array)
#4 C:\laragon\www\crudTask\system\CodeIgniter.php(825): App\Controllers\Estudiantes->index()
#5 C:\laragon\www\crudTask\system\CodeIgniter.php(412): CodeIgniter\CodeIgniter->runController(Object(App\Controllers\Estudiantes))
#6 C:\laragon\www\crudTask\system\CodeIgniter.php(320): CodeIgniter\CodeIgniter->handleRequest(NULL, Object(Config\Cache), false)
#7 C:\laragon\www\crudTask\public\index.php(37): CodeIgniter\CodeIgniter->run()
#8 {main}
CRITICAL - 2022-03-10 03:15:14 --> Cannot use object of type App\Entities\Estudiantes as array
#0 C:\laragon\www\crudTask\system\View\View.php(210): include()
#1 C:\laragon\www\crudTask\system\View\View.php(213): CodeIgniter\View\View->CodeIgniter\View\{closure}()
#2 C:\laragon\www\crudTask\system\Common.php(1089): CodeIgniter\View\View->render('Estudiantes', Array, true)
#3 C:\laragon\www\crudTask\app\Controllers\Estudiantes.php(13): view('Estudiantes', Array)
#4 C:\laragon\www\crudTask\system\CodeIgniter.php(825): App\Controllers\Estudiantes->index()
#5 C:\laragon\www\crudTask\system\CodeIgniter.php(412): CodeIgniter\CodeIgniter->runController(Object(App\Controllers\Estudiantes))
#6 C:\laragon\www\crudTask\system\CodeIgniter.php(320): CodeIgniter\CodeIgniter->handleRequest(NULL, Object(Config\Cache), false)
#7 C:\laragon\www\crudTask\public\index.php(37): CodeIgniter\CodeIgniter->run()
#8 {main}
ERROR - 2022-03-10 04:17:02 --> Table 'crudtask.students' doesn't exist
CRITICAL - 2022-03-10 04:17:03 --> Table 'crudtask.students' doesn't exist
#0 C:\laragon\www\crudTask\system\Database\MySQLi\Connection.php(292): mysqli->query('SELECT 1\nFROM `...', 0)
#1 C:\laragon\www\crudTask\system\Database\BaseConnection.php(670): CodeIgniter\Database\MySQLi\Connection->execute('SELECT 1\nFROM `...')
#2 C:\laragon\www\crudTask\system\Database\BaseConnection.php(598): CodeIgniter\Database\BaseConnection->simpleQuery('SELECT 1\nFROM `...')
#3 C:\laragon\www\crudTask\system\Database\BaseBuilder.php(1455): CodeIgniter\Database\BaseConnection->query('SELECT 1\nFROM `...', Array, false)
#4 C:\laragon\www\crudTask\system\Validation\Rules.php(142): CodeIgniter\Database\BaseBuilder->get()
#5 C:\laragon\www\crudTask\system\Validation\Validation.php(292): CodeIgniter\Validation\Rules->is_unique('ismaelportillo1...', 'email', Array, NULL)
#6 C:\laragon\www\crudTask\system\Validation\Validation.php(157): CodeIgniter\Validation\Validation->processRules('email', 'email', 'ismaelportillo1...', Array, Array)
#7 C:\laragon\www\crudTask\system\BaseModel.php(1347): CodeIgniter\Validation\Validation->run(Array, NULL, NULL)
#8 C:\laragon\www\crudTask\system\BaseModel.php(707): CodeIgniter\BaseModel->validate(Array)
#9 C:\laragon\www\crudTask\system\Model.php(625): CodeIgniter\BaseModel->insert(Array, true)
#10 C:\laragon\www\crudTask\app\Controllers\Estudiantes.php(30): CodeIgniter\Model->insert(Array)
#11 C:\laragon\www\crudTask\system\CodeIgniter.php(825): App\Controllers\Estudiantes->actionCreate()
#12 C:\laragon\www\crudTask\system\CodeIgniter.php(412): CodeIgniter\CodeIgniter->runController(Object(App\Controllers\Estudiantes))
#13 C:\laragon\www\crudTask\system\CodeIgniter.php(320): CodeIgniter\CodeIgniter->handleRequest(NULL, Object(Config\Cache), false)
#14 C:\laragon\www\crudTask\public\index.php(37): CodeIgniter\CodeIgniter->run()
#15 {main}
ERROR - 2022-03-10 04:17:59 --> Table 'crudtask.students' doesn't exist
CRITICAL - 2022-03-10 04:17:59 --> Table 'crudtask.students' doesn't exist
#0 C:\laragon\www\crudTask\system\Database\MySQLi\Connection.php(292): mysqli->query('SELECT 1\nFROM `...', 0)
#1 C:\laragon\www\crudTask\system\Database\BaseConnection.php(670): CodeIgniter\Database\MySQLi\Connection->execute('SELECT 1\nFROM `...')
#2 C:\laragon\www\crudTask\system\Database\BaseConnection.php(598): CodeIgniter\Database\BaseConnection->simpleQuery('SELECT 1\nFROM `...')
#3 C:\laragon\www\crudTask\system\Database\BaseBuilder.php(1455): CodeIgniter\Database\BaseConnection->query('SELECT 1\nFROM `...', Array, false)
#4 C:\laragon\www\crudTask\system\Validation\Rules.php(142): CodeIgniter\Database\BaseBuilder->get()
#5 C:\laragon\www\crudTask\system\Validation\Validation.php(292): CodeIgniter\Validation\Rules->is_unique('ismaelportillo1...', 'email', Array, NULL)
#6 C:\laragon\www\crudTask\system\Validation\Validation.php(157): CodeIgniter\Validation\Validation->processRules('email', 'email', 'ismaelportillo1...', Array, Array)
#7 C:\laragon\www\crudTask\system\BaseModel.php(1347): CodeIgniter\Validation\Validation->run(Array, NULL, NULL)
#8 C:\laragon\www\crudTask\system\BaseModel.php(707): CodeIgniter\BaseModel->validate(Array)
#9 C:\laragon\www\crudTask\system\Model.php(625): CodeIgniter\BaseModel->insert(Array, true)
#10 C:\laragon\www\crudTask\app\Controllers\Estudiantes.php(30): CodeIgniter\Model->insert(Array)
#11 C:\laragon\www\crudTask\system\CodeIgniter.php(825): App\Controllers\Estudiantes->actionCreate()
#12 C:\laragon\www\crudTask\system\CodeIgniter.php(412): CodeIgniter\CodeIgniter->runController(Object(App\Controllers\Estudiantes))
#13 C:\laragon\www\crudTask\system\CodeIgniter.php(320): CodeIgniter\CodeIgniter->handleRequest(NULL, Object(Config\Cache), false)
#14 C:\laragon\www\crudTask\public\index.php(37): CodeIgniter\CodeIgniter->run()
#15 {main}
ERROR - 2022-03-10 04:21:23 --> Table 'crudtask.studiantes' doesn't exist
CRITICAL - 2022-03-10 04:21:23 --> Table 'crudtask.studiantes' doesn't exist
#0 C:\laragon\www\crudTask\system\Database\MySQLi\Connection.php(292): mysqli->query('SELECT 1\nFROM `...', 0)
#1 C:\laragon\www\crudTask\system\Database\BaseConnection.php(670): CodeIgniter\Database\MySQLi\Connection->execute('SELECT 1\nFROM `...')
#2 C:\laragon\www\crudTask\system\Database\BaseConnection.php(598): CodeIgniter\Database\BaseConnection->simpleQuery('SELECT 1\nFROM `...')
#3 C:\laragon\www\crudTask\system\Database\BaseBuilder.php(1455): CodeIgniter\Database\BaseConnection->query('SELECT 1\nFROM `...', Array, false)
#4 C:\laragon\www\crudTask\system\Validation\Rules.php(142): CodeIgniter\Database\BaseBuilder->get()
#5 C:\laragon\www\crudTask\system\Validation\Validation.php(292): CodeIgniter\Validation\Rules->is_unique('ismaelportillo1...', 'email', Array, NULL)
#6 C:\laragon\www\crudTask\system\Validation\Validation.php(157): CodeIgniter\Validation\Validation->processRules('email', 'email', 'ismaelportillo1...', Array, Array)
#7 C:\laragon\www\crudTask\system\BaseModel.php(1347): CodeIgniter\Validation\Validation->run(Array, NULL, NULL)
#8 C:\laragon\www\crudTask\system\BaseModel.php(707): CodeIgniter\BaseModel->validate(Array)
#9 C:\laragon\www\crudTask\system\Model.php(625): CodeIgniter\BaseModel->insert(Array, true)
#10 C:\laragon\www\crudTask\app\Controllers\Estudiantes.php(30): CodeIgniter\Model->insert(Array)
#11 C:\laragon\www\crudTask\system\CodeIgniter.php(825): App\Controllers\Estudiantes->actionCreate()
#12 C:\laragon\www\crudTask\system\CodeIgniter.php(412): CodeIgniter\CodeIgniter->runController(Object(App\Controllers\Estudiantes))
#13 C:\laragon\www\crudTask\system\CodeIgniter.php(320): CodeIgniter\CodeIgniter->handleRequest(NULL, Object(Config\Cache), false)
#14 C:\laragon\www\crudTask\public\index.php(37): CodeIgniter\CodeIgniter->run()
#15 {main}
ERROR - 2022-03-10 04:21:46 --> Table 'crudtask.studiantes' doesn't exist
CRITICAL - 2022-03-10 04:21:46 --> Table 'crudtask.studiantes' doesn't exist
#0 C:\laragon\www\crudTask\system\Database\MySQLi\Connection.php(292): mysqli->query('SELECT 1\nFROM `...', 0)
#1 C:\laragon\www\crudTask\system\Database\BaseConnection.php(670): CodeIgniter\Database\MySQLi\Connection->execute('SELECT 1\nFROM `...')
#2 C:\laragon\www\crudTask\system\Database\BaseConnection.php(598): CodeIgniter\Database\BaseConnection->simpleQuery('SELECT 1\nFROM `...')
#3 C:\laragon\www\crudTask\system\Database\BaseBuilder.php(1455): CodeIgniter\Database\BaseConnection->query('SELECT 1\nFROM `...', Array, false)
#4 C:\laragon\www\crudTask\system\Validation\Rules.php(142): CodeIgniter\Database\BaseBuilder->get()
#5 C:\laragon\www\crudTask\system\Validation\Validation.php(292): CodeIgniter\Validation\Rules->is_unique('ismaelportillo1...', 'email', Array, NULL)
#6 C:\laragon\www\crudTask\system\Validation\Validation.php(157): CodeIgniter\Validation\Validation->processRules('email', 'email', 'ismaelportillo1...', Array, Array)
#7 C:\laragon\www\crudTask\system\BaseModel.php(1347): CodeIgniter\Validation\Validation->run(Array, NULL, NULL)
#8 C:\laragon\www\crudTask\system\BaseModel.php(707): CodeIgniter\BaseModel->validate(Array)
#9 C:\laragon\www\crudTask\system\Model.php(625): CodeIgniter\BaseModel->insert(Array, true)
#10 C:\laragon\www\crudTask\app\Controllers\Estudiantes.php(30): CodeIgniter\Model->insert(Array)
#11 C:\laragon\www\crudTask\system\CodeIgniter.php(825): App\Controllers\Estudiantes->actionCreate()
#12 C:\laragon\www\crudTask\system\CodeIgniter.php(412): CodeIgniter\CodeIgniter->runController(Object(App\Controllers\Estudiantes))
#13 C:\laragon\www\crudTask\system\CodeIgniter.php(320): CodeIgniter\CodeIgniter->handleRequest(NULL, Object(Config\Cache), false)
#14 C:\laragon\www\crudTask\public\index.php(37): CodeIgniter\CodeIgniter->run()
#15 {main}
CRITICAL - 2022-03-10 04:22:00 --> Allowed fields must be specified for model: App\Models\EstudiantesModel
#0 C:\laragon\www\crudTask\system\BaseModel.php(1138): CodeIgniter\Database\Exceptions\DataException::forInvalidAllowedFields('App\\Models\\Estu...')
#1 C:\laragon\www\crudTask\system\BaseModel.php(713): CodeIgniter\BaseModel->doProtectFields(Array)
#2 C:\laragon\www\crudTask\system\Model.php(625): CodeIgniter\BaseModel->insert(Array, true)
#3 C:\laragon\www\crudTask\app\Controllers\Estudiantes.php(30): CodeIgniter\Model->insert(Array)
#4 C:\laragon\www\crudTask\system\CodeIgniter.php(825): App\Controllers\Estudiantes->actionCreate()
#5 C:\laragon\www\crudTask\system\CodeIgniter.php(412): CodeIgniter\CodeIgniter->runController(Object(App\Controllers\Estudiantes))
#6 C:\laragon\www\crudTask\system\CodeIgniter.php(320): CodeIgniter\CodeIgniter->handleRequest(NULL, Object(Config\Cache), false)
#7 C:\laragon\www\crudTask\public\index.php(37): CodeIgniter\CodeIgniter->run()
#8 {main}
CRITICAL - 2022-03-10 04:22:52 --> Allowed fields must be specified for model: App\Models\EstudiantesModel
#0 C:\laragon\www\crudTask\system\BaseModel.php(1138): CodeIgniter\Database\Exceptions\DataException::forInvalidAllowedFields('App\\Models\\Estu...')
#1 C:\laragon\www\crudTask\system\BaseModel.php(713): CodeIgniter\BaseModel->doProtectFields(Array)
#2 C:\laragon\www\crudTask\system\Model.php(625): CodeIgniter\BaseModel->insert(Array, true)
#3 C:\laragon\www\crudTask\app\Controllers\Estudiantes.php(30): CodeIgniter\Model->insert(Array)
#4 C:\laragon\www\crudTask\system\CodeIgniter.php(825): App\Controllers\Estudiantes->actionCreate()
#5 C:\laragon\www\crudTask\system\CodeIgniter.php(412): CodeIgniter\CodeIgniter->runController(Object(App\Controllers\Estudiantes))
#6 C:\laragon\www\crudTask\system\CodeIgniter.php(320): CodeIgniter\CodeIgniter->handleRequest(NULL, Object(Config\Cache), false)
#7 C:\laragon\www\crudTask\public\index.php(37): CodeIgniter\CodeIgniter->run()
#8 {main}
CRITICAL - 2022-03-10 06:11:00 --> Trying to access array offset on value of type null
#0 C:\laragon\www\crudTask\app\Views\estudiantes\update.php(26): CodeIgniter\Debug\Exceptions->errorHandler(8, 'Trying to acces...', 'C:\\laragon\\www\\...', 26, Array)
#1 C:\laragon\www\crudTask\system\View\View.php(210): include('C:\\laragon\\www\\...')
#2 C:\laragon\www\crudTask\system\View\View.php(213): CodeIgniter\View\View->CodeIgniter\View\{closure}()
#3 C:\laragon\www\crudTask\system\Common.php(1089): CodeIgniter\View\View->render('estudiantes/upd...', Array, true)
#4 C:\laragon\www\crudTask\app\Controllers\Estudiantes.php(37): view('estudiantes/upd...', Array)
#5 C:\laragon\www\crudTask\system\CodeIgniter.php(825): App\Controllers\Estudiantes->update('')
#6 C:\laragon\www\crudTask\system\CodeIgniter.php(412): CodeIgniter\CodeIgniter->runController(Object(App\Controllers\Estudiantes))
#7 C:\laragon\www\crudTask\system\CodeIgniter.php(320): CodeIgniter\CodeIgniter->handleRequest(NULL, Object(Config\Cache), false)
#8 C:\laragon\www\crudTask\public\index.php(37): CodeIgniter\CodeIgniter->run()
#9 {main}
CRITICAL - 2022-03-10 06:12:10 --> Cannot use object of type App\Entities\Estudiantes as array
#0 C:\laragon\www\crudTask\system\View\View.php(210): include()
#1 C:\laragon\www\crudTask\system\View\View.php(213): CodeIgniter\View\View->CodeIgniter\View\{closure}()
#2 C:\laragon\www\crudTask\system\Common.php(1089): CodeIgniter\View\View->render('estudiantes/upd...', Array, true)
#3 C:\laragon\www\crudTask\app\Controllers\Estudiantes.php(37): view('estudiantes/upd...', Array)
#4 C:\laragon\www\crudTask\system\CodeIgniter.php(825): App\Controllers\Estudiantes->update('1')
#5 C:\laragon\www\crudTask\system\CodeIgniter.php(412): CodeIgniter\CodeIgniter->runController(Object(App\Controllers\Estudiantes))
#6 C:\laragon\www\crudTask\system\CodeIgniter.php(320): CodeIgniter\CodeIgniter->handleRequest(NULL, Object(Config\Cache), false)
#7 C:\laragon\www\crudTask\public\index.php(37): CodeIgniter\CodeIgniter->run()
#8 {main}
CRITICAL - 2022-03-10 06:13:51 --> Undefined offset: 0
#0 C:\laragon\www\crudTask\app\Controllers\Estudiantes.php(37): CodeIgniter\Debug\Exceptions->errorHandler(8, 'Undefined offse...', 'C:\\laragon\\www\\...', 37, Array)
#1 C:\laragon\www\crudTask\system\CodeIgniter.php(825): App\Controllers\Estudiantes->update('1')
#2 C:\laragon\www\crudTask\system\CodeIgniter.php(412): CodeIgniter\CodeIgniter->runController(Object(App\Controllers\Estudiantes))
#3 C:\laragon\www\crudTask\system\CodeIgniter.php(320): CodeIgniter\CodeIgniter->handleRequest(NULL, Object(Config\Cache), false)
#4 C:\laragon\www\crudTask\public\index.php(37): CodeIgniter\CodeIgniter->run()
#5 {main}
CRITICAL - 2022-03-10 06:14:40 --> Cannot use object of type App\Entities\Estudiantes as array
#0 C:\laragon\www\crudTask\system\CodeIgniter.php(825): App\Controllers\Estudiantes->update('1')
#1 C:\laragon\www\crudTask\system\CodeIgniter.php(412): CodeIgniter\CodeIgniter->runController(Object(App\Controllers\Estudiantes))
#2 C:\laragon\www\crudTask\system\CodeIgniter.php(320): CodeIgniter\CodeIgniter->handleRequest(NULL, Object(Config\Cache), false)
#3 C:\laragon\www\crudTask\public\index.php(37): CodeIgniter\CodeIgniter->run()
#4 {main}
CRITICAL - 2022-03-10 06:15:52 --> Cannot use object of type App\Entities\Estudiantes as array
#0 C:\laragon\www\crudTask\system\CodeIgniter.php(825): App\Controllers\Estudiantes->update('1')
#1 C:\laragon\www\crudTask\system\CodeIgniter.php(412): CodeIgniter\CodeIgniter->runController(Object(App\Controllers\Estudiantes))
#2 C:\laragon\www\crudTask\system\CodeIgniter.php(320): CodeIgniter\CodeIgniter->handleRequest(NULL, Object(Config\Cache), false)
#3 C:\laragon\www\crudTask\public\index.php(37): CodeIgniter\CodeIgniter->run()
#4 {main}
CRITICAL - 2022-03-10 06:16:20 --> Call to undefined method App\Models\EstudiantesModel::findOne
#0 C:\laragon\www\crudTask\app\Controllers\Estudiantes.php(36): CodeIgniter\Model->__call('findOne', Array)
#1 C:\laragon\www\crudTask\system\CodeIgniter.php(825): App\Controllers\Estudiantes->update('1')
#2 C:\laragon\www\crudTask\system\CodeIgniter.php(412): CodeIgniter\CodeIgniter->runController(Object(App\Controllers\Estudiantes))
#3 C:\laragon\www\crudTask\system\CodeIgniter.php(320): CodeIgniter\CodeIgniter->handleRequest(NULL, Object(Config\Cache), false)
#4 C:\laragon\www\crudTask\public\index.php(37): CodeIgniter\CodeIgniter->run()
#5 {main}
CRITICAL - 2022-03-10 06:17:23 --> Call to undefined method App\Models\EstudiantesModel::findOne
#0 C:\laragon\www\crudTask\app\Controllers\Estudiantes.php(36): CodeIgniter\Model->__call('findOne', Array)
#1 C:\laragon\www\crudTask\system\CodeIgniter.php(825): App\Controllers\Estudiantes->update('1')
#2 C:\laragon\www\crudTask\system\CodeIgniter.php(412): CodeIgniter\CodeIgniter->runController(Object(App\Controllers\Estudiantes))
#3 C:\laragon\www\crudTask\system\CodeIgniter.php(320): CodeIgniter\CodeIgniter->handleRequest(NULL, Object(Config\Cache), false)
#4 C:\laragon\www\crudTask\public\index.php(37): CodeIgniter\CodeIgniter->run()
#5 {main}
CRITICAL - 2022-03-10 06:17:36 --> Cannot use object of type App\Models\EstudiantesModel as array
#0 C:\laragon\www\crudTask\system\View\View.php(210): include()
#1 C:\laragon\www\crudTask\system\View\View.php(213): CodeIgniter\View\View->CodeIgniter\View\{closure}()
#2 C:\laragon\www\crudTask\system\Common.php(1089): CodeIgniter\View\View->render('estudiantes/upd...', Array, true)
#3 C:\laragon\www\crudTask\app\Controllers\Estudiantes.php(37): view('estudiantes/upd...', Array)
#4 C:\laragon\www\crudTask\system\CodeIgniter.php(825): App\Controllers\Estudiantes->update('1')
#5 C:\laragon\www\crudTask\system\CodeIgniter.php(412): CodeIgniter\CodeIgniter->runController(Object(App\Controllers\Estudiantes))
#6 C:\laragon\www\crudTask\system\CodeIgniter.php(320): CodeIgniter\CodeIgniter->handleRequest(NULL, Object(Config\Cache), false)
#7 C:\laragon\www\crudTask\public\index.php(37): CodeIgniter\CodeIgniter->run()
#8 {main}
CRITICAL - 2022-03-10 06:17:59 --> Cannot use object of type App\Models\EstudiantesModel as array
#0 C:\laragon\www\crudTask\system\View\View.php(210): include()
#1 C:\laragon\www\crudTask\system\View\View.php(213): CodeIgniter\View\View->CodeIgniter\View\{closure}()
#2 C:\laragon\www\crudTask\system\Common.php(1089): CodeIgniter\View\View->render('estudiantes/upd...', Array, true)
#3 C:\laragon\www\crudTask\app\Controllers\Estudiantes.php(37): view('estudiantes/upd...', Array)
#4 C:\laragon\www\crudTask\system\CodeIgniter.php(825): App\Controllers\Estudiantes->update('1')
#5 C:\laragon\www\crudTask\system\CodeIgniter.php(412): CodeIgniter\CodeIgniter->runController(Object(App\Controllers\Estudiantes))
#6 C:\laragon\www\crudTask\system\CodeIgniter.php(320): CodeIgniter\CodeIgniter->handleRequest(NULL, Object(Config\Cache), false)
#7 C:\laragon\www\crudTask\public\index.php(37): CodeIgniter\CodeIgniter->run()
#8 {main}
CRITICAL - 2022-03-10 06:19:24 --> Cannot use object of type App\Models\EstudiantesModel as array
#0 C:\laragon\www\crudTask\system\View\View.php(210): include()
#1 C:\laragon\www\crudTask\system\View\View.php(213): CodeIgniter\View\View->CodeIgniter\View\{closure}()
#2 C:\laragon\www\crudTask\system\Common.php(1089): CodeIgniter\View\View->render('estudiantes/upd...', Array, true)
#3 C:\laragon\www\crudTask\app\Controllers\Estudiantes.php(37): view('estudiantes/upd...', Array)
#4 C:\laragon\www\crudTask\system\CodeIgniter.php(825): App\Controllers\Estudiantes->update('1')
#5 C:\laragon\www\crudTask\system\CodeIgniter.php(412): CodeIgniter\CodeIgniter->runController(Object(App\Controllers\Estudiantes))
#6 C:\laragon\www\crudTask\system\CodeIgniter.php(320): CodeIgniter\CodeIgniter->handleRequest(NULL, Object(Config\Cache), false)
#7 C:\laragon\www\crudTask\public\index.php(37): CodeIgniter\CodeIgniter->run()
#8 {main}
CRITICAL - 2022-03-10 15:32:19 --> Object of class App\Models\EstudiantesModel could not be converted to string
#0 C:\laragon\www\crudTask\system\View\View.php(210): include()
#1 C:\laragon\www\crudTask\system\View\View.php(213): CodeIgniter\View\View->CodeIgniter\View\{closure}()
#2 C:\laragon\www\crudTask\system\Common.php(1089): CodeIgniter\View\View->render('estudiantes/upd...', Array, true)
#3 C:\laragon\www\crudTask\app\Controllers\Estudiantes.php(37): view('estudiantes/upd...', Array)
#4 C:\laragon\www\crudTask\system\CodeIgniter.php(825): App\Controllers\Estudiantes->update('1')
#5 C:\laragon\www\crudTask\system\CodeIgniter.php(412): CodeIgniter\CodeIgniter->runController(Object(App\Controllers\Estudiantes))
#6 C:\laragon\www\crudTask\system\CodeIgniter.php(320): CodeIgniter\CodeIgniter->handleRequest(NULL, Object(Config\Cache), false)
#7 C:\laragon\www\crudTask\public\index.php(37): CodeIgniter\CodeIgniter->run()
#8 {main}
CRITICAL - 2022-03-10 17:08:51 --> There is no data to update.
#0 C:\laragon\www\crudTask\system\BaseModel.php(1574): CodeIgniter\Database\Exceptions\DataException::forEmptyDataset('update')
#1 C:\laragon\www\crudTask\system\BaseModel.php(832): CodeIgniter\BaseModel->transformDataToArray(NULL, 'update')
#2 C:\laragon\www\crudTask\system\Model.php(651): CodeIgniter\BaseModel->update(Array, NULL)
#3 C:\laragon\www\crudTask\app\Controllers\Estudiantes.php(52): CodeIgniter\Model->update(Array)
#4 C:\laragon\www\crudTask\system\CodeIgniter.php(825): App\Controllers\Estudiantes->actionUpdate()
#5 C:\laragon\www\crudTask\system\CodeIgniter.php(412): CodeIgniter\CodeIgniter->runController(Object(App\Controllers\Estudiantes))
#6 C:\laragon\www\crudTask\system\CodeIgniter.php(320): CodeIgniter\CodeIgniter->handleRequest(NULL, Object(Config\Cache), false)
#7 C:\laragon\www\crudTask\public\index.php(37): CodeIgniter\CodeIgniter->run()
#8 {main}
CRITICAL - 2022-03-10 17:12:03 --> Undefined variable: output
#0 C:\laragon\www\crudTask\system\CodeIgniter.php(830): CodeIgniter\Debug\Exceptions->errorHandler(8, 'Undefined varia...', 'C:\\laragon\\www\\...', 830, Array)
#1 C:\laragon\www\crudTask\system\CodeIgniter.php(412): CodeIgniter\CodeIgniter->runController(Object(App\Controllers\Estudiantes))
#2 C:\laragon\www\crudTask\system\CodeIgniter.php(320): CodeIgniter\CodeIgniter->handleRequest(NULL, Object(Config\Cache), false)
#3 C:\laragon\www\crudTask\public\index.php(37): CodeIgniter\CodeIgniter->run()
#4 {main}
CRITICAL - 2022-03-10 17:22:31 --> There is no data to update.
#0 C:\laragon\www\crudTask\system\BaseModel.php(1593): CodeIgniter\Database\Exceptions\DataException::forEmptyDataset('update')
#1 C:\laragon\www\crudTask\system\BaseModel.php(832): CodeIgniter\BaseModel->transformDataToArray(Array, 'update')
#2 C:\laragon\www\crudTask\system\Model.php(651): CodeIgniter\BaseModel->update(Array, Object(App\Entities\Estudiantes))
#3 C:\laragon\www\crudTask\system\BaseModel.php(656): CodeIgniter\Model->update('1', Object(App\Entities\Estudiantes))
#4 C:\laragon\www\crudTask\app\Controllers\Estudiantes.php(62): CodeIgniter\BaseModel->save(Object(App\Entities\Estudiantes))
#5 C:\laragon\www\crudTask\system\CodeIgniter.php(825): App\Controllers\Estudiantes->actionUpdate()
#6 C:\laragon\www\crudTask\system\CodeIgniter.php(412): CodeIgniter\CodeIgniter->runController(Object(App\Controllers\Estudiantes))
#7 C:\laragon\www\crudTask\system\CodeIgniter.php(320): CodeIgniter\CodeIgniter->handleRequest(NULL, Object(Config\Cache), false)
#8 C:\laragon\www\crudTask\public\index.php(37): CodeIgniter\CodeIgniter->run()
#9 {main}
CRITICAL - 2022-03-10 17:23:15 --> There is no data to update.
#0 C:\laragon\www\crudTask\system\BaseModel.php(1593): CodeIgniter\Database\Exceptions\DataException::forEmptyDataset('update')
#1 C:\laragon\www\crudTask\system\BaseModel.php(832): CodeIgniter\BaseModel->transformDataToArray(Array, 'update')
#2 C:\laragon\www\crudTask\system\Model.php(651): CodeIgniter\BaseModel->update(Array, Object(App\Entities\Estudiantes))
#3 C:\laragon\www\crudTask\system\BaseModel.php(656): CodeIgniter\Model->update('1', Object(App\Entities\Estudiantes))
#4 C:\laragon\www\crudTask\app\Controllers\Estudiantes.php(62): CodeIgniter\BaseModel->save(Object(App\Entities\Estudiantes))
#5 C:\laragon\www\crudTask\system\CodeIgniter.php(825): App\Controllers\Estudiantes->actionUpdate()
#6 C:\laragon\www\crudTask\system\CodeIgniter.php(412): CodeIgniter\CodeIgniter->runController(Object(App\Controllers\Estudiantes))
#7 C:\laragon\www\crudTask\system\CodeIgniter.php(320): CodeIgniter\CodeIgniter->handleRequest(NULL, Object(Config\Cache), false)
#8 C:\laragon\www\crudTask\public\index.php(37): CodeIgniter\CodeIgniter->run()
#9 {main}
CRITICAL - 2022-03-10 20:23:16 --> There is no data to update.
#0 C:\laragon\www\crudTask\system\BaseModel.php(1593): CodeIgniter\Database\Exceptions\DataException::forEmptyDataset('update')
#1 C:\laragon\www\crudTask\system\BaseModel.php(832): CodeIgniter\BaseModel->transformDataToArray(Array, 'update')
#2 C:\laragon\www\crudTask\system\Model.php(651): CodeIgniter\BaseModel->update(Array, Object(App\Entities\Estudiantes))
#3 C:\laragon\www\crudTask\system\BaseModel.php(656): CodeIgniter\Model->update('6', Object(App\Entities\Estudiantes))
#4 C:\laragon\www\crudTask\app\Controllers\Estudiantes.php(62): CodeIgniter\BaseModel->save(Object(App\Entities\Estudiantes))
#5 C:\laragon\www\crudTask\system\CodeIgniter.php(825): App\Controllers\Estudiantes->actionUpdate()
#6 C:\laragon\www\crudTask\system\CodeIgniter.php(412): CodeIgniter\CodeIgniter->runController(Object(App\Controllers\Estudiantes))
#7 C:\laragon\www\crudTask\system\CodeIgniter.php(320): CodeIgniter\CodeIgniter->handleRequest(NULL, Object(Config\Cache), false)
#8 C:\laragon\www\crudTask\public\index.php(37): CodeIgniter\CodeIgniter->run()
#9 {main}
CRITICAL - 2022-03-10 20:24:44 --> Object of class CodeIgniter\HTTP\IncomingRequest could not be converted to string
#0 C:\laragon\www\crudTask\system\CodeIgniter.php(825): App\Controllers\Estudiantes->actionUpdate()
#1 C:\laragon\www\crudTask\system\CodeIgniter.php(412): CodeIgniter\CodeIgniter->runController(Object(App\Controllers\Estudiantes))
#2 C:\laragon\www\crudTask\system\CodeIgniter.php(320): CodeIgniter\CodeIgniter->handleRequest(NULL, Object(Config\Cache), false)
#3 C:\laragon\www\crudTask\public\index.php(37): CodeIgniter\CodeIgniter->run()
#4 {main}
CRITICAL - 2022-03-10 20:24:57 --> Object of class CodeIgniter\HTTP\IncomingRequest could not be converted to string
#0 C:\laragon\www\crudTask\system\CodeIgniter.php(825): App\Controllers\Estudiantes->actionUpdate()
#1 C:\laragon\www\crudTask\system\CodeIgniter.php(412): CodeIgniter\CodeIgniter->runController(Object(App\Controllers\Estudiantes))
#2 C:\laragon\www\crudTask\system\CodeIgniter.php(320): CodeIgniter\CodeIgniter->handleRequest(NULL, Object(Config\Cache), false)
#3 C:\laragon\www\crudTask\public\index.php(37): CodeIgniter\CodeIgniter->run()
#4 {main}
CRITICAL - 2022-03-10 20:47:13 --> There is no data to update.
#0 C:\laragon\www\crudTask\system\BaseModel.php(1593): CodeIgniter\Database\Exceptions\DataException::forEmptyDataset('update')
#1 C:\laragon\www\crudTask\system\BaseModel.php(832): CodeIgniter\BaseModel->transformDataToArray(Array, 'update')
#2 C:\laragon\www\crudTask\system\Model.php(651): CodeIgniter\BaseModel->update(Array, Object(App\Entities\Estudiantes))
#3 C:\laragon\www\crudTask\system\BaseModel.php(656): CodeIgniter\Model->update('2', Object(App\Entities\Estudiantes))
#4 C:\laragon\www\crudTask\app\Controllers\Estudiantes.php(61): CodeIgniter\BaseModel->save(Object(App\Entities\Estudiantes))
#5 C:\laragon\www\crudTask\system\CodeIgniter.php(825): App\Controllers\Estudiantes->actionUpdate()
#6 C:\laragon\www\crudTask\system\CodeIgniter.php(412): CodeIgniter\CodeIgniter->runController(Object(App\Controllers\Estudiantes))
#7 C:\laragon\www\crudTask\system\CodeIgniter.php(320): CodeIgniter\CodeIgniter->handleRequest(NULL, Object(Config\Cache), false)
#8 C:\laragon\www\crudTask\public\index.php(37): CodeIgniter\CodeIgniter->run()
#9 {main}
CRITICAL - 2022-03-10 20:47:35 --> There is no data to update.
#0 C:\laragon\www\crudTask\system\BaseModel.php(1593): CodeIgniter\Database\Exceptions\DataException::forEmptyDataset('update')
#1 C:\laragon\www\crudTask\system\BaseModel.php(832): CodeIgniter\BaseModel->transformDataToArray(Array, 'update')
#2 C:\laragon\www\crudTask\system\Model.php(651): CodeIgniter\BaseModel->update(Array, Object(App\Entities\Estudiantes))
#3 C:\laragon\www\crudTask\system\BaseModel.php(656): CodeIgniter\Model->update('2', Object(App\Entities\Estudiantes))
#4 C:\laragon\www\crudTask\app\Controllers\Estudiantes.php(61): CodeIgniter\BaseModel->save(Object(App\Entities\Estudiantes))
#5 C:\laragon\www\crudTask\system\CodeIgniter.php(825): App\Controllers\Estudiantes->actionUpdate()
#6 C:\laragon\www\crudTask\system\CodeIgniter.php(412): CodeIgniter\CodeIgniter->runController(Object(App\Controllers\Estudiantes))
#7 C:\laragon\www\crudTask\system\CodeIgniter.php(320): CodeIgniter\CodeIgniter->handleRequest(NULL, Object(Config\Cache), false)
#8 C:\laragon\www\crudTask\public\index.php(37): CodeIgniter\CodeIgniter->run()
#9 {main}
CRITICAL - 2022-03-10 20:48:43 --> There is no data to update.
#0 C:\laragon\www\crudTask\system\BaseModel.php(1593): CodeIgniter\Database\Exceptions\DataException::forEmptyDataset('update')
#1 C:\laragon\www\crudTask\system\BaseModel.php(832): CodeIgniter\BaseModel->transformDataToArray(Array, 'update')
#2 C:\laragon\www\crudTask\system\Model.php(651): CodeIgniter\BaseModel->update(Array, Object(App\Entities\Estudiantes))
#3 C:\laragon\www\crudTask\system\BaseModel.php(656): CodeIgniter\Model->update('2', Object(App\Entities\Estudiantes))
#4 C:\laragon\www\crudTask\app\Controllers\Estudiantes.php(61): CodeIgniter\BaseModel->save(Object(App\Entities\Estudiantes))
#5 C:\laragon\www\crudTask\system\CodeIgniter.php(825): App\Controllers\Estudiantes->actionUpdate()
#6 C:\laragon\www\crudTask\system\CodeIgniter.php(412): CodeIgniter\CodeIgniter->runController(Object(App\Controllers\Estudiantes))
#7 C:\laragon\www\crudTask\system\CodeIgniter.php(320): CodeIgniter\CodeIgniter->handleRequest(NULL, Object(Config\Cache), false)
#8 C:\laragon\www\crudTask\public\index.php(37): CodeIgniter\CodeIgniter->run()
#9 {main}
CRITICAL - 2022-03-10 20:49:01 --> There is no data to update.
#0 C:\laragon\www\crudTask\system\BaseModel.php(1593): CodeIgniter\Database\Exceptions\DataException::forEmptyDataset('update')
#1 C:\laragon\www\crudTask\system\BaseModel.php(832): CodeIgniter\BaseModel->transformDataToArray(Array, 'update')
#2 C:\laragon\www\crudTask\system\Model.php(651): CodeIgniter\BaseModel->update(Array, Object(App\Entities\Estudiantes))
#3 C:\laragon\www\crudTask\system\BaseModel.php(656): CodeIgniter\Model->update('2', Object(App\Entities\Estudiantes))
#4 C:\laragon\www\crudTask\app\Controllers\Estudiantes.php(61): CodeIgniter\BaseModel->save(Object(App\Entities\Estudiantes))
#5 C:\laragon\www\crudTask\system\CodeIgniter.php(825): App\Controllers\Estudiantes->actionUpdate()
#6 C:\laragon\www\crudTask\system\CodeIgniter.php(412): CodeIgniter\CodeIgniter->runController(Object(App\Controllers\Estudiantes))
#7 C:\laragon\www\crudTask\system\CodeIgniter.php(320): CodeIgniter\CodeIgniter->handleRequest(NULL, Object(Config\Cache), false)
#8 C:\laragon\www\crudTask\public\index.php(37): CodeIgniter\CodeIgniter->run()
#9 {main}
CRITICAL - 2022-03-10 20:50:37 --> There is no data to update.
#0 C:\laragon\www\crudTask\system\BaseModel.php(1593): CodeIgniter\Database\Exceptions\DataException::forEmptyDataset('update')
#1 C:\laragon\www\crudTask\system\BaseModel.php(832): CodeIgniter\BaseModel->transformDataToArray(Array, 'update')
#2 C:\laragon\www\crudTask\system\Model.php(651): CodeIgniter\BaseModel->update(Array, Object(App\Entities\Estudiantes))
#3 C:\laragon\www\crudTask\system\BaseModel.php(656): CodeIgniter\Model->update('2', Object(App\Entities\Estudiantes))
#4 C:\laragon\www\crudTask\app\Controllers\Estudiantes.php(61): CodeIgniter\BaseModel->save(Object(App\Entities\Estudiantes))
#5 C:\laragon\www\crudTask\system\CodeIgniter.php(825): App\Controllers\Estudiantes->actionUpdate()
#6 C:\laragon\www\crudTask\system\CodeIgniter.php(412): CodeIgniter\CodeIgniter->runController(Object(App\Controllers\Estudiantes))
#7 C:\laragon\www\crudTask\system\CodeIgniter.php(320): CodeIgniter\CodeIgniter->handleRequest(NULL, Object(Config\Cache), false)
#8 C:\laragon\www\crudTask\public\index.php(37): CodeIgniter\CodeIgniter->run()
#9 {main}
CRITICAL - 2022-03-10 20:51:57 --> There is no data to update.
#0 C:\laragon\www\crudTask\system\BaseModel.php(1593): CodeIgniter\Database\Exceptions\DataException::forEmptyDataset('update')
#1 C:\laragon\www\crudTask\system\BaseModel.php(832): CodeIgniter\BaseModel->transformDataToArray(Array, 'update')
#2 C:\laragon\www\crudTask\system\Model.php(651): CodeIgniter\BaseModel->update(Array, Object(App\Entities\Estudiantes))
#3 C:\laragon\www\crudTask\system\BaseModel.php(656): CodeIgniter\Model->update('2', Object(App\Entities\Estudiantes))
#4 C:\laragon\www\crudTask\app\Controllers\Estudiantes.php(61): CodeIgniter\BaseModel->save(Object(App\Entities\Estudiantes))
#5 C:\laragon\www\crudTask\system\CodeIgniter.php(825): App\Controllers\Estudiantes->actionUpdate()
#6 C:\laragon\www\crudTask\system\CodeIgniter.php(412): CodeIgniter\CodeIgniter->runController(Object(App\Controllers\Estudiantes))
#7 C:\laragon\www\crudTask\system\CodeIgniter.php(320): CodeIgniter\CodeIgniter->handleRequest(NULL, Object(Config\Cache), false)
#8 C:\laragon\www\crudTask\public\index.php(37): CodeIgniter\CodeIgniter->run()
#9 {main}
CRITICAL - 2022-03-10 20:52:27 --> There is no data to update.
#0 C:\laragon\www\crudTask\system\BaseModel.php(1593): CodeIgniter\Database\Exceptions\DataException::forEmptyDataset('update')
#1 C:\laragon\www\crudTask\system\BaseModel.php(832): CodeIgniter\BaseModel->transformDataToArray(Array, 'update')
#2 C:\laragon\www\crudTask\system\Model.php(651): CodeIgniter\BaseModel->update(Array, Object(App\Entities\Estudiantes))
#3 C:\laragon\www\crudTask\system\BaseModel.php(656): CodeIgniter\Model->update('2', Object(App\Entities\Estudiantes))
#4 C:\laragon\www\crudTask\app\Controllers\Estudiantes.php(61): CodeIgniter\BaseModel->save(Object(App\Entities\Estudiantes))
#5 C:\laragon\www\crudTask\system\CodeIgniter.php(825): App\Controllers\Estudiantes->actionUpdate()
#6 C:\laragon\www\crudTask\system\CodeIgniter.php(412): CodeIgniter\CodeIgniter->runController(Object(App\Controllers\Estudiantes))
#7 C:\laragon\www\crudTask\system\CodeIgniter.php(320): CodeIgniter\CodeIgniter->handleRequest(NULL, Object(Config\Cache), false)
#8 C:\laragon\www\crudTask\public\index.php(37): CodeIgniter\CodeIgniter->run()
#9 {main}
CRITICAL - 2022-03-10 20:52:44 --> There is no data to update.
#0 C:\laragon\www\crudTask\system\BaseModel.php(1593): CodeIgniter\Database\Exceptions\DataException::forEmptyDataset('update')
#1 C:\laragon\www\crudTask\system\BaseModel.php(832): CodeIgniter\BaseModel->transformDataToArray(Array, 'update')
#2 C:\laragon\www\crudTask\system\Model.php(651): CodeIgniter\BaseModel->update(Array, Object(App\Entities\Estudiantes))
#3 C:\laragon\www\crudTask\system\BaseModel.php(656): CodeIgniter\Model->update('2', Object(App\Entities\Estudiantes))
#4 C:\laragon\www\crudTask\app\Controllers\Estudiantes.php(61): CodeIgniter\BaseModel->save(Object(App\Entities\Estudiantes))
#5 C:\laragon\www\crudTask\system\CodeIgniter.php(825): App\Controllers\Estudiantes->actionUpdate()
#6 C:\laragon\www\crudTask\system\CodeIgniter.php(412): CodeIgniter\CodeIgniter->runController(Object(App\Controllers\Estudiantes))
#7 C:\laragon\www\crudTask\system\CodeIgniter.php(320): CodeIgniter\CodeIgniter->handleRequest(NULL, Object(Config\Cache), false)
#8 C:\laragon\www\crudTask\public\index.php(37): CodeIgniter\CodeIgniter->run()
#9 {main}
CRITICAL - 2022-03-10 20:53:15 --> There is no data to update.
#0 C:\laragon\www\crudTask\system\BaseModel.php(1593): CodeIgniter\Database\Exceptions\DataException::forEmptyDataset('update')
#1 C:\laragon\www\crudTask\system\BaseModel.php(832): CodeIgniter\BaseModel->transformDataToArray(Array, 'update')
#2 C:\laragon\www\crudTask\system\Model.php(651): CodeIgniter\BaseModel->update(Array, Object(App\Entities\Estudiantes))
#3 C:\laragon\www\crudTask\system\BaseModel.php(656): CodeIgniter\Model->update('2', Object(App\Entities\Estudiantes))
#4 C:\laragon\www\crudTask\app\Controllers\Estudiantes.php(61): CodeIgniter\BaseModel->save(Object(App\Entities\Estudiantes))
#5 C:\laragon\www\crudTask\system\CodeIgniter.php(825): App\Controllers\Estudiantes->actionUpdate()
#6 C:\laragon\www\crudTask\system\CodeIgniter.php(412): CodeIgniter\CodeIgniter->runController(Object(App\Controllers\Estudiantes))
#7 C:\laragon\www\crudTask\system\CodeIgniter.php(320): CodeIgniter\CodeIgniter->handleRequest(NULL, Object(Config\Cache), false)
#8 C:\laragon\www\crudTask\public\index.php(37): CodeIgniter\CodeIgniter->run()
#9 {main}
CRITICAL - 2022-03-10 21:21:41 --> There is no data to update.
#0 C:\laragon\www\crudTask\system\BaseModel.php(1593): CodeIgniter\Database\Exceptions\DataException::forEmptyDataset('update')
#1 C:\laragon\www\crudTask\system\BaseModel.php(832): CodeIgniter\BaseModel->transformDataToArray(Array, 'update')
#2 C:\laragon\www\crudTask\system\Model.php(651): CodeIgniter\BaseModel->update(Array, Object(App\Entities\Estudiantes))
#3 C:\laragon\www\crudTask\system\BaseModel.php(656): CodeIgniter\Model->update('2', Object(App\Entities\Estudiantes))
#4 C:\laragon\www\crudTask\app\Controllers\Estudiantes.php(61): CodeIgniter\BaseModel->save(Object(App\Entities\Estudiantes))
#5 C:\laragon\www\crudTask\system\CodeIgniter.php(825): App\Controllers\Estudiantes->actionUpdate()
#6 C:\laragon\www\crudTask\system\CodeIgniter.php(412): CodeIgniter\CodeIgniter->runController(Object(App\Controllers\Estudiantes))
#7 C:\laragon\www\crudTask\system\CodeIgniter.php(320): CodeIgniter\CodeIgniter->handleRequest(NULL, Object(Config\Cache), false)
#8 C:\laragon\www\crudTask\public\index.php(37): CodeIgniter\CodeIgniter->run()
#9 {main}
CRITICAL - 2022-03-10 22:02:10 --> Call to undefined method CodeIgniter\Pager\Pager::setSurroundCount()
#0 C:\laragon\www\crudTask\system\View\View.php(210): include()
#1 C:\laragon\www\crudTask\system\View\View.php(213): CodeIgniter\View\View->CodeIgniter\View\{closure}()
#2 C:\laragon\www\crudTask\system\Common.php(1089): CodeIgniter\View\View->render('estudiantes/vie...', Array, true)
#3 C:\laragon\www\crudTask\app\Controllers\Estudiantes.php(16): view('estudiantes/vie...', Array)
#4 C:\laragon\www\crudTask\system\CodeIgniter.php(825): App\Controllers\Estudiantes->index()
#5 C:\laragon\www\crudTask\system\CodeIgniter.php(412): CodeIgniter\CodeIgniter->runController(Object(App\Controllers\Estudiantes))
#6 C:\laragon\www\crudTask\system\CodeIgniter.php(320): CodeIgniter\CodeIgniter->handleRequest(NULL, Object(Config\Cache), false)
#7 C:\laragon\www\crudTask\public\index.php(37): CodeIgniter\CodeIgniter->run()
#8 {main}
CRITICAL - 2022-03-10 22:03:17 --> Call to undefined method CodeIgniter\Pager\Pager::setSurroundCount()
#0 C:\laragon\www\crudTask\system\View\View.php(210): include()
#1 C:\laragon\www\crudTask\system\View\View.php(213): CodeIgniter\View\View->CodeIgniter\View\{closure}()
#2 C:\laragon\www\crudTask\system\Common.php(1089): CodeIgniter\View\View->render('estudiantes/vie...', Array, true)
#3 C:\laragon\www\crudTask\app\Controllers\Estudiantes.php(16): view('estudiantes/vie...', Array)
#4 C:\laragon\www\crudTask\system\CodeIgniter.php(825): App\Controllers\Estudiantes->index()
#5 C:\laragon\www\crudTask\system\CodeIgniter.php(412): CodeIgniter\CodeIgniter->runController(Object(App\Controllers\Estudiantes))
#6 C:\laragon\www\crudTask\system\CodeIgniter.php(320): CodeIgniter\CodeIgniter->handleRequest(NULL, Object(Config\Cache), false)
#7 C:\laragon\www\crudTask\public\index.php(37): CodeIgniter\CodeIgniter->run()
#8 {main}
CRITICAL - 2022-03-10 22:16:28 --> Call to undefined method CodeIgniter\Pager\Pager::setSurroundCount()
#0 C:\laragon\www\crudTask\system\View\View.php(210): include()
#1 C:\laragon\www\crudTask\system\View\View.php(213): CodeIgniter\View\View->CodeIgniter\View\{closure}()
#2 C:\laragon\www\crudTask\system\Common.php(1089): CodeIgniter\View\View->render('estudiantes/vie...', Array, true)
#3 C:\laragon\www\crudTask\app\Controllers\Estudiantes.php(17): view('estudiantes/vie...', Array)
#4 C:\laragon\www\crudTask\system\CodeIgniter.php(825): App\Controllers\Estudiantes->index()
#5 C:\laragon\www\crudTask\system\CodeIgniter.php(412): CodeIgniter\CodeIgniter->runController(Object(App\Controllers\Estudiantes))
#6 C:\laragon\www\crudTask\system\CodeIgniter.php(320): CodeIgniter\CodeIgniter->handleRequest(NULL, Object(Config\Cache), false)
#7 C:\laragon\www\crudTask\public\index.php(37): CodeIgniter\CodeIgniter->run()
#8 {main}
CRITICAL - 2022-03-10 22:16:30 --> Call to undefined method CodeIgniter\Pager\Pager::setSurroundCount()
#0 C:\laragon\www\crudTask\system\View\View.php(210): include()
#1 C:\laragon\www\crudTask\system\View\View.php(213): CodeIgniter\View\View->CodeIgniter\View\{closure}()
#2 C:\laragon\www\crudTask\system\Common.php(1089): CodeIgniter\View\View->render('estudiantes/vie...', Array, true)
#3 C:\laragon\www\crudTask\app\Controllers\Estudiantes.php(17): view('estudiantes/vie...', Array)
#4 C:\laragon\www\crudTask\system\CodeIgniter.php(825): App\Controllers\Estudiantes->index()
#5 C:\laragon\www\crudTask\system\CodeIgniter.php(412): CodeIgniter\CodeIgniter->runController(Object(App\Controllers\Estudiantes))
#6 C:\laragon\www\crudTask\system\CodeIgniter.php(320): CodeIgniter\CodeIgniter->handleRequest(NULL, Object(Config\Cache), false)
#7 C:\laragon\www\crudTask\public\index.php(37): CodeIgniter\CodeIgniter->run()
#8 {main}
CRITICAL - 2022-03-10 22:16:31 --> Call to undefined method CodeIgniter\Pager\Pager::setSurroundCount()
#0 C:\laragon\www\crudTask\system\View\View.php(210): include()
#1 C:\laragon\www\crudTask\system\View\View.php(213): CodeIgniter\View\View->CodeIgniter\View\{closure}()
#2 C:\laragon\www\crudTask\system\Common.php(1089): CodeIgniter\View\View->render('estudiantes/vie...', Array, true)
#3 C:\laragon\www\crudTask\app\Controllers\Estudiantes.php(17): view('estudiantes/vie...', Array)
#4 C:\laragon\www\crudTask\system\CodeIgniter.php(825): App\Controllers\Estudiantes->index()
#5 C:\laragon\www\crudTask\system\CodeIgniter.php(412): CodeIgniter\CodeIgniter->runController(Object(App\Controllers\Estudiantes))
#6 C:\laragon\www\crudTask\system\CodeIgniter.php(320): CodeIgniter\CodeIgniter->handleRequest(NULL, Object(Config\Cache), false)
#7 C:\laragon\www\crudTask\public\index.php(37): CodeIgniter\CodeIgniter->run()
#8 {main}
CRITICAL - 2022-03-10 22:16:32 --> Call to undefined method CodeIgniter\Pager\Pager::setSurroundCount()
#0 C:\laragon\www\crudTask\system\View\View.php(210): include()
#1 C:\laragon\www\crudTask\system\View\View.php(213): CodeIgniter\View\View->CodeIgniter\View\{closure}()
#2 C:\laragon\www\crudTask\system\Common.php(1089): CodeIgniter\View\View->render('estudiantes/vie...', Array, true)
#3 C:\laragon\www\crudTask\app\Controllers\Estudiantes.php(17): view('estudiantes/vie...', Array)
#4 C:\laragon\www\crudTask\system\CodeIgniter.php(825): App\Controllers\Estudiantes->index()
#5 C:\laragon\www\crudTask\system\CodeIgniter.php(412): CodeIgniter\CodeIgniter->runController(Object(App\Controllers\Estudiantes))
#6 C:\laragon\www\crudTask\system\CodeIgniter.php(320): CodeIgniter\CodeIgniter->handleRequest(NULL, Object(Config\Cache), false)
#7 C:\laragon\www\crudTask\public\index.php(37): CodeIgniter\CodeIgniter->run()
#8 {main}
CRITICAL - 2022-03-10 22:16:32 --> Call to undefined method CodeIgniter\Pager\Pager::setSurroundCount()
#0 C:\laragon\www\crudTask\system\View\View.php(210): include()
#1 C:\laragon\www\crudTask\system\View\View.php(213): CodeIgniter\View\View->CodeIgniter\View\{closure}()
#2 C:\laragon\www\crudTask\system\Common.php(1089): CodeIgniter\View\View->render('estudiantes/vie...', Array, true)
#3 C:\laragon\www\crudTask\app\Controllers\Estudiantes.php(17): view('estudiantes/vie...', Array)
#4 C:\laragon\www\crudTask\system\CodeIgniter.php(825): App\Controllers\Estudiantes->index()
#5 C:\laragon\www\crudTask\system\CodeIgniter.php(412): CodeIgniter\CodeIgniter->runController(Object(App\Controllers\Estudiantes))
#6 C:\laragon\www\crudTask\system\CodeIgniter.php(320): CodeIgniter\CodeIgniter->handleRequest(NULL, Object(Config\Cache), false)
#7 C:\laragon\www\crudTask\public\index.php(37): CodeIgniter\CodeIgniter->run()
#8 {main}
CRITICAL - 2022-03-10 22:17:35 --> Call to undefined method CodeIgniter\Pager\Pager::hasPrevious()
#0 C:\laragon\www\crudTask\system\View\View.php(210): include()
#1 C:\laragon\www\crudTask\system\View\View.php(213): CodeIgniter\View\View->CodeIgniter\View\{closure}()
#2 C:\laragon\www\crudTask\system\Common.php(1089): CodeIgniter\View\View->render('estudiantes/vie...', Array, true)
#3 C:\laragon\www\crudTask\app\Controllers\Estudiantes.php(17): view('estudiantes/vie...', Array)
#4 C:\laragon\www\crudTask\system\CodeIgniter.php(825): App\Controllers\Estudiantes->index()
#5 C:\laragon\www\crudTask\system\CodeIgniter.php(412): CodeIgniter\CodeIgniter->runController(Object(App\Controllers\Estudiantes))
#6 C:\laragon\www\crudTask\system\CodeIgniter.php(320): CodeIgniter\CodeIgniter->handleRequest(NULL, Object(Config\Cache), false)
#7 C:\laragon\www\crudTask\public\index.php(37): CodeIgniter\CodeIgniter->run()
#8 {main}
